This is pdfTeX, Version 3.14159265-2.6-1.40.17 (TeX Live 2016/TeX Live for SUSE Linux) (preloaded format=pdflatex 2018.2.20)  31 JAN 2019 15:18
entering extended mode
 \write18 enabled.
 %&-line parsing enabled.
**main.tex
(./main.tex
LaTeX2e <2016/03/31>
Babel <3.9r> and hyphenation patterns for 51 language(s) loaded.
(/usr/share/texmf/tex/latex/elsarticle/elsarticle.cls
Document Class: elsarticle 2009/09/17, 1.2.0: Elsevier Ltd
\@bls=\dimen102
(/usr/share/texmf/tex/latex/base/article.cls
Document Class: article 2014/09/29 v1.4h Standard LaTeX document class
(/usr/share/texmf/tex/latex/base/size10.clo
File: size10.clo 2014/09/29 v1.4h Standard LaTeX file (size option)
)
\c@part=\count79
\c@section=\count80
\c@subsection=\count81
\c@subsubsection=\count82
\c@paragraph=\count83
\c@subparagraph=\count84
\c@figure=\count85
\c@table=\count86
\abovecaptionskip=\skip41
\belowcaptionskip=\skip42
\bibindent=\dimen103
)
(/usr/share/texmf/tex/latex/graphics/graphicx.sty
Package: graphicx 2014/10/28 v1.0g Enhanced LaTeX Graphics (DPC,SPQR)

(/usr/share/texmf/tex/latex/graphics/keyval.sty
Package: keyval 2014/10/28 v1.15 key=value parser (DPC)
\KV@toks@=\toks14
)
(/usr/share/texmf/tex/latex/graphics/graphics.sty
Package: graphics 2016/05/09 v1.0r Standard LaTeX Graphics (DPC,SPQR)

(/usr/share/texmf/tex/latex/graphics/trig.sty
Package: trig 2016/01/03 v1.10 sin cos tan (DPC)
)
(/usr/share/texmf/tex/latex/graphics-cfg/graphics.cfg
File: graphics.cfg 2016/01/02 v1.10 sample graphics configuration
)
Package graphics Info: Driver file: pdftex.def on input line 96.

(/usr/share/texmf/tex/latex/pdftex-def/pdftex.def
File: pdftex.def 2011/05/27 v0.06d Graphics/color for pdfTeX

(/usr/share/texmf/tex/generic/oberdiek/infwarerr.sty
Package: infwarerr 2016/05/16 v1.4 Providing info/warning/error messages (HO)
)
(/usr/share/texmf/tex/generic/oberdiek/ltxcmds.sty
Package: ltxcmds 2016/05/16 v1.23 LaTeX kernel commands for general use (HO)
)
\Gread@gobject=\count87
))
\Gin@req@height=\dimen104
\Gin@req@width=\dimen105
)
(/usr/share/texmf/tex/latex/psnfss/pifont.sty
Package: pifont 2005/04/12 PSNFSS-v9.2a Pi font support (SPQR) 
LaTeX Font Info:    Try loading font information for U+pzd on input line 63.

(/usr/share/texmf/tex/latex/psnfss/upzd.fd
File: upzd.fd 2001/06/04 font definitions for U/pzd.
)
LaTeX Font Info:    Try loading font information for U+psy on input line 64.

(/usr/share/texmf/tex/latex/psnfss/upsy.fd
File: upsy.fd 2001/06/04 font definitions for U/psy.
))
\c@tnote=\count88
\c@fnote=\count89
\c@cnote=\count90
\c@ead=\count91
\c@author=\count92
\@eadauthor=\toks15
\c@affn=\count93
\absbox=\box26
\keybox=\box27
\Columnwidth=\dimen106
\space@left=\dimen107
\els@boxa=\box28
\els@boxb=\box29
\leftMargin=\dimen108
\@enLab=\toks16
\@sep=\skip43
\@@sep=\skip44
 (./main.spl)
(/usr/share/texmf/tex/latex/natbib/natbib.sty
Package: natbib 2010/09/13 8.31b (PWD, AO)
\bibhang=\skip45
\bibsep=\skip46
LaTeX Info: Redefining \cite on input line 694.
\c@NAT@ctr=\count94
)
\splwrite=\write3
\openout3 = `main.spl'.


(/usr/share/texmf/tex/latex/geometry/geometry.sty
Package: geometry 2010/09/12 v5.6 Page Geometry

(/usr/share/texmf/tex/generic/oberdiek/ifpdf.sty
Package: ifpdf 2016/05/14 v3.1 Provides the ifpdf switch
)
(/usr/share/texmf/tex/generic/oberdiek/ifvtex.sty
Package: ifvtex 2016/05/16 v1.6 Detect VTeX and its facilities (HO)
Package ifvtex Info: VTeX not detected.
)
(/usr/share/texmf/tex/generic/ifxetex/ifxetex.sty
Package: ifxetex 2010/09/12 v0.6 Provides ifxetex conditional
)
\Gm@cnth=\count95
\Gm@cntv=\count96
\c@Gm@tempcnt=\count97
\Gm@bindingoffset=\dimen109
\Gm@wd@mp=\dimen110
\Gm@odd@mp=\dimen111
\Gm@even@mp=\dimen112
\Gm@layoutwidth=\dimen113
\Gm@layoutheight=\dimen114
\Gm@layouthoffset=\dimen115
\Gm@layoutvoffset=\dimen116
\Gm@dimlist=\toks17
)
(/usr/share/texmf/tex/latex/base/fleqn.clo
File: fleqn.clo 2015/03/31 v1.1i Standard LaTeX option (flush left equations)
\mathindent=\dimen117
Applying: [2015/01/01] Make \[ robust on input line 50.
LaTeX Info: Redefining \[ on input line 51.
Already applied: [0000/00/00] Make \[ robust on input line 62.
Applying: [2015/01/01] Make \] robust on input line 74.
LaTeX Info: Redefining \] on input line 75.
Already applied: [0000/00/00] Make \] robust on input line 83.
))
(/usr/share/texmf/tex/latex/siunitx/siunitx.sty
(/usr/share/texmf/tex/latex/l3kernel/expl3.sty
Package: expl3 2016/05/18 v6512 L3 programming layer (loader) 

(/usr/share/texmf/tex/latex/l3kernel/expl3-code.tex
Package: expl3 2016/05/18 v6512 L3 programming layer (code)
L3 Module: l3bootstrap 2016/02/12 v6412 L3 Bootstrap code
L3 Module: l3names 2016/03/11 v6433 L3 Namespace for primitives
L3 Module: l3basics 2015/11/22 v6315 L3 Basic definitions
L3 Module: l3expan 2015/09/10 v5983 L3 Argument expansion
L3 Module: l3tl 2016/03/26 v6465 L3 Token lists
L3 Module: l3str 2016/03/24 v6441 L3 Strings
L3 Module: l3seq 2015/08/05 v5777 L3 Sequences and stacks
L3 Module: l3int 2016/03/24 v6441 L3 Integers
\c_max_int=\count98
\l_tmpa_int=\count99
\l_tmpb_int=\count100
\g_tmpa_int=\count101
\g_tmpb_int=\count102
L3 Module: l3quark 2015/08/17 v5855 L3 Quarks
L3 Module: l3prg 2015/11/01 v6216 L3 Control structures
\g__prg_map_int=\count103
L3 Module: l3clist 2015/09/02 v5901 L3 Comma separated lists
L3 Module: l3token 2016/04/03 v6470 L3 Experimental token manipulation
L3 Module: l3prop 2016/01/05 v6366 L3 Property lists
L3 Module: l3msg 2016/03/26 v6464 L3 Messages
L3 Module: l3file 2016/03/25 v6458 L3 File and I/O operations
\l_iow_line_count_int=\count104
\l__iow_target_count_int=\count105
\l__iow_current_line_int=\count106
\l__iow_current_word_int=\count107
\l__iow_current_indentation_int=\count108
L3 Module: l3skip 2016/01/05 v6366 L3 Dimensions and skips
\c_zero_dim=\dimen118
\c_max_dim=\dimen119
\l_tmpa_dim=\dimen120
\l_tmpb_dim=\dimen121
\g_tmpa_dim=\dimen122
\g_tmpb_dim=\dimen123
\c_zero_skip=\skip47
\c_max_skip=\skip48
\l_tmpa_skip=\skip49
\l_tmpb_skip=\skip50
\g_tmpa_skip=\skip51
\g_tmpb_skip=\skip52
\c_zero_muskip=\muskip10
\c_max_muskip=\muskip11
\l_tmpa_muskip=\muskip12
\l_tmpb_muskip=\muskip13
\g_tmpa_muskip=\muskip14
\g_tmpb_muskip=\muskip15
L3 Module: l3keys 2015/11/17 v6284 L3 Key-value interfaces
\g__keyval_level_int=\count109
\l_keys_choice_int=\count110
L3 Module: l3fp 2016/03/26 v6465 L3 Floating points
\c__fp_leading_shift_int=\count111
\c__fp_middle_shift_int=\count112
\c__fp_trailing_shift_int=\count113
\c__fp_big_leading_shift_int=\count114
\c__fp_big_middle_shift_int=\count115
\c__fp_big_trailing_shift_int=\count116
\c__fp_Bigg_leading_shift_int=\count117
\c__fp_Bigg_middle_shift_int=\count118
\c__fp_Bigg_trailing_shift_int=\count119
L3 Module: l3box 2015/08/09 v5822 L3 Experimental boxes
\c_empty_box=\box30
\l_tmpa_box=\box31
\l_tmpb_box=\box32
\g_tmpa_box=\box33
\g_tmpb_box=\box34
L3 Module: l3coffins 2016/05/17 v6508 L3 Coffin code layer
\l__coffin_internal_box=\box35
\l__coffin_internal_dim=\dimen124
\l__coffin_offset_x_dim=\dimen125
\l__coffin_offset_y_dim=\dimen126
\l__coffin_x_dim=\dimen127
\l__coffin_y_dim=\dimen128
\l__coffin_x_prime_dim=\dimen129
\l__coffin_y_prime_dim=\dimen130
\c_empty_coffin=\box36
\l__coffin_aligned_coffin=\box37
\l__coffin_aligned_internal_coffin=\box38
\l_tmpa_coffin=\box39
\l_tmpb_coffin=\box40
\l__coffin_display_coffin=\box41
\l__coffin_display_coord_coffin=\box42
\l__coffin_display_pole_coffin=\box43
\l__coffin_display_offset_dim=\dimen131
\l__coffin_display_x_dim=\dimen132
\l__coffin_display_y_dim=\dimen133
L3 Module: l3color 2014/08/23 v5354 L3 Experimental color support
L3 Module: l3sys 2015/09/25 v6087 L3 Experimental system/runtime functions
L3 Module: l3candidates 2016/05/13 v6484 L3 Experimental additions to l3kernel
\l__box_top_dim=\dimen134
\l__box_bottom_dim=\dimen135
\l__box_left_dim=\dimen136
\l__box_right_dim=\dimen137
\l__box_top_new_dim=\dimen138
\l__box_bottom_new_dim=\dimen139
\l__box_left_new_dim=\dimen140
\l__box_right_new_dim=\dimen141
\l__box_internal_box=\box44
\l__coffin_bounding_shift_dim=\dimen142
\l__coffin_left_corner_dim=\dimen143
\l__coffin_right_corner_dim=\dimen144
\l__coffin_bottom_corner_dim=\dimen145
\l__coffin_top_corner_dim=\dimen146
\l__coffin_scaled_total_height_dim=\dimen147
\l__coffin_scaled_width_dim=\dimen148
L3 Module: l3luatex 2016/03/26 v6465 L3 Experimental LuaTeX-specific functions
)
(/usr/share/texmf/tex/latex/l3kernel/l3pdfmode.def
File: l3pdfmode.def 2016/03/26 v6465 L3 Experimental driver: PDF mode
\l__driver_color_stack_int=\count120
\l__driver_tmp_box=\box45
))
(/usr/share/texmf/tex/latex/l3packages/xparse/xparse.sty
Package: xparse 2016/05/18 v6512 L3 Experimental document command parser
\l__xparse_current_arg_int=\count121
\l__xparse_m_args_int=\count122
\l__xparse_mandatory_args_int=\count123
\l__xparse_processor_int=\count124
\l__xparse_v_nesting_int=\count125
)
Package: siunitx 2016/03/01 v2.6q A comprehensive (SI) units package

(/usr/share/texmf/tex/latex/amsmath/amstext.sty
Package: amstext 2000/06/29 v2.01 AMS text

(/usr/share/texmf/tex/latex/amsmath/amsgen.sty
File: amsgen.sty 1999/11/30 v2.0 generic functions
\@emptytoks=\toks18
\ex@=\dimen149
))
(/usr/share/texmf/tex/latex/tools/array.sty
Package: array 2014/10/28 v2.4c Tabular extension package (FMi)
\col@sep=\dimen150
\extrarowheight=\dimen151
\NC@list=\toks19
\extratabsurround=\skip53
\backup@length=\skip54
)
(/usr/share/texmf/tex/latex/l3packages/l3keys2e/l3keys2e.sty
Package: l3keys2e 2016/05/18 v6512 LaTeX2e option processing using LaTeX3 keys
)
\l__siunitx_tmp_box=\box46
\l__siunitx_tmp_dim=\dimen152
\l__siunitx_tmp_int=\count126
\l__siunitx_number_mantissa_length_int=\count127
\l__siunitx_number_uncert_length_int=\count128
\l__siunitx_round_int=\count129
\l__siunitx_process_decimal_int=\count130
\l__siunitx_process_uncertainty_int=\count131
\l__siunitx_process_fixed_int=\count132
\l__siunitx_process_integer_min_int=\count133
\l__siunitx_process_precision_int=\count134
\l__siunitx_group_min_int=\count135
\l__siunitx_angle_marker_box=\box47
\l__siunitx_angle_unit_box=\box48
\l__siunitx_angle_marker_dim=\dimen153
\l__siunitx_angle_unit_dim=\dimen154
\l__siunitx_unit_int=\count136
\l__siunitx_unit_denominator_int=\count137
\l__siunitx_unit_numerator_int=\count138
\l__siunitx_unit_prefix_int=\count139
\l__siunitx_unit_prefix_base_int=\count140
\l__siunitx_unit_prefix_gram_int=\count141
\l__siunitx_number_product_int=\count142
\c__siunitx_one_fill_skip=\skip55
\l__siunitx_table_unit_align_skip=\skip56
\l__siunitx_table_exponent_dim=\dimen155
\l__siunitx_table_integer_dim=\dimen156
\l__siunitx_table_mantissa_dim=\dimen157
\l__siunitx_table_marker_dim=\dimen158
\l__siunitx_table_result_dim=\dimen159
\l__siunitx_table_uncert_dim=\dimen160
\l__siunitx_table_fill_pre_dim=\dimen161
\l__siunitx_table_fill_post_dim=\dimen162
\l__siunitx_table_fill_mid_dim=\dimen163
\l__siunitx_table_pre_box=\box49
\l__siunitx_table_post_box=\box50
\l__siunitx_table_mantissa_box=\box51
\l__siunitx_table_result_box=\box52
\l__siunitx_table_number_align_skip=\skip57
\l__siunitx_table_text_align_skip=\skip58
.................................................
. LaTeX info: "xparse/define-command"
. 
. Defining command \DeclareBinaryPrefix with sig. 'mmm' on line 7218.
.................................................
.................................................
. LaTeX info: "xparse/define-command"
. 
. Defining command \DeclareSIPostPower with sig. 'mm' on line 7221.
.................................................
.................................................
. LaTeX info: "xparse/define-command"
. 
. Defining command \DeclareSIPrefix with sig. 'mmm' on line 7224.
.................................................
.................................................
. LaTeX info: "xparse/define-command"
. 
. Defining command \DeclareSIPrePower with sig. 'mm' on line 7227.
.................................................
.................................................
. LaTeX info: "xparse/define-command"
. 
. Defining command \DeclareSIQualifier with sig. 'mm' on line 7230.
.................................................
.................................................
. LaTeX info: "xparse/define-command"
. 
. Defining command \DeclareSIUnit with sig. 'O{}mm' on line 7233.
.................................................
.................................................
. LaTeX info: "xparse/define-command"
. 
. Defining command \DeclareSIUnitWithOptions with sig. 'mmm' on line 7236.
.................................................
.................................................
. LaTeX info: "xparse/define-command"
. 
. Defining command \ang with sig. 'o>{\SplitArgument {2}{;}}m' on line 7251.
.................................................
.................................................
. LaTeX info: "xparse/define-command"
. 
. Defining command \num with sig. 'om' on line 7260.
.................................................
.................................................
. LaTeX info: "xparse/define-command"
. 
. Defining command \numlist with sig. 'o>{\SplitList {;}}m' on line 7269.
.................................................
.................................................
. LaTeX info: "xparse/define-command"
. 
. Defining command \numrange with sig. 'omm' on line 7278.
.................................................
.................................................
. LaTeX info: "xparse/define-command"
. 
. Defining command \SIlist with sig. 'o>{\SplitList {;}}mm' on line 7290.
.................................................
.................................................
. LaTeX info: "xparse/define-command"
. 
. Defining command \SIrange with sig. 'ommm' on line 7302.
.................................................
.................................................
. LaTeX info: "xparse/define-command"
. 
. Defining command \SI with sig. 'omom' on line 7314.
.................................................
.................................................
. LaTeX info: "xparse/define-command"
. 
. Defining command \sisetup with sig. 'm' on line 7317.
.................................................
.................................................
. LaTeX info: "xparse/define-command"
. 
. Defining command \tablenum with sig. 'om' on line 7332.
.................................................
.................................................
. LaTeX info: "xparse/define-command"
. 
. Defining command \si with sig. 'om' on line 7344.
.................................................
.................................................
. LaTeX info: "xparse/define-command"
. 
. Defining command \__siunitx_bookmark_num:w with sig. 'om' on line 7391.
.................................................
.................................................
. LaTeX info: "xparse/define-command"
. 
. Defining command \__siunitx_bookmark_numrange:w with sig. 'omm' on line
. 7393.
.................................................
.................................................
. LaTeX info: "xparse/define-command"
. 
. Defining command \__siunitx_bookmark_SI:w with sig. 'omom' on line 7395.
.................................................
.................................................
. LaTeX info: "xparse/define-command"
. 
. Defining command \__siunitx_bookmark_SIlist:w with sig. 'omm' on line 7397.
.................................................
.................................................
. LaTeX info: "xparse/define-command"
. 
. Defining command \__siunitx_bookmark_SIrange:w with sig. 'ommm' on line
. 7399.
.................................................
.................................................
. LaTeX info: "xparse/define-command"
. 
. Defining command \__siunitx_bookmark_si:w with sig. 'om' on line 7400.
.................................................
\g__file_internal_ior=\read1

(/usr/share/texmf/tex/latex/beamer/translator/translator.sty
Package: translator 2010/06/12 ver 1.10

(/usr/share/texmf/tex/latex/beamer/translator/translator-language-mappings.tex)
)) (/usr/share/texmf/tex/latex/gnuplottex/gnuplottex.sty
Package: gnuplottex 2015/12/13 v0.9.1 gnuplot graphs in LaTeX

(/usr/share/texmf/tex/latex/moreverb/moreverb.sty
Package: moreverb 2008/06/03 v2.3a `more' verbatim facilities

(/usr/share/texmf/tex/latex/tools/verbatim.sty
Package: verbatim 2014/10/28 v1.5q LaTeX2e package for verbatim enhancements
\every@verbatim=\toks20
\verbatim@line=\toks21
\verbatim@in@stream=\read2
)
\tab@position=\count143
\tab@size=\count144
\listing@line=\count145
)
(/usr/share/texmf/tex/latex/base/ifthen.sty
Package: ifthen 2014/09/29 v1.1c Standard LaTeX ifthen package (DPC)
)
(/usr/share/texmf/tex/generic/oberdiek/catchfile.sty
Package: catchfile 2016/05/16 v1.7 Catch the contents of a file (HO)

(/usr/share/texmf/tex/generic/oberdiek/etexcmds.sty
Package: etexcmds 2016/05/16 v1.6 Avoid name clashes with e-TeX commands (HO)

(/usr/share/texmf/tex/generic/oberdiek/ifluatex.sty
Package: ifluatex 2016/05/16 v1.4 Provides the ifluatex switch (HO)
Package ifluatex Info: LuaTeX not detected.
)
Package etexcmds Info: Could not find \expanded.
(etexcmds)             That can mean that you are not using pdfTeX 1.50 or
(etexcmds)             that some package has redefined \expanded.
(etexcmds)             In the latter case, load this package earlier.
))
\verbatim@out=\write4
runsystem(touch w18-test-2019131918.tex)...executed.

runsystem(rm -f w18-test-2019131918.tex)...executed.

runsystem(rm -f "main.gnuploterrors")...executed.

Package gnuplottex Info: Automatically converting gnuplot files. on input line 
110.
\c@fignum=\count146
)
(/usr/share/texmf/tex/latex/float/float.sty
Package: float 2001/11/08 v1.3d Float enhancements (AL)
\c@float@type=\count147
\float@exts=\toks22
\float@box=\box53
\@float@everytoks=\toks23
\@floatcapt=\box54
)
(/usr/share/texmf/tex/latex/hyperref/hyperref.sty
Package: hyperref 2016/05/05 v6.83n Hypertext links for LaTeX

(/usr/share/texmf/tex/generic/oberdiek/hobsub-hyperref.sty
Package: hobsub-hyperref 2016/05/16 v1.14 Bundle oberdiek, subset hyperref (HO)


(/usr/share/texmf/tex/generic/oberdiek/hobsub-generic.sty
Package: hobsub-generic 2016/05/16 v1.14 Bundle oberdiek, subset generic (HO)
Package: hobsub 2016/05/16 v1.14 Construct package bundles (HO)
Package hobsub Info: Skipping package `infwarerr' (already loaded).
Package hobsub Info: Skipping package `ltxcmds' (already loaded).
Package hobsub Info: Skipping package `ifluatex' (already loaded).
Package hobsub Info: Skipping package `ifvtex' (already loaded).
Package: intcalc 2016/05/16 v1.2 Expandable calculations with integers (HO)
Package hobsub Info: Skipping package `ifpdf' (already loaded).
Package hobsub Info: Skipping package `etexcmds' (already loaded).
Package: kvsetkeys 2016/05/16 v1.17 Key value parser (HO)
Package: kvdefinekeys 2016/05/16 v1.4 Define keys (HO)
Package: pdftexcmds 2016/05/10 v0.21 Utility functions of pdfTeX for LuaTeX (HO
)
Package pdftexcmds Info: LuaTeX not detected.
Package pdftexcmds Info: \pdf@primitive is available.
Package pdftexcmds Info: \pdf@ifprimitive is available.
Package pdftexcmds Info: \pdfdraftmode found.
Package: pdfescape 2016/05/16 v1.14 Implements pdfTeX's escape features (HO)
Package: bigintcalc 2016/05/16 v1.4 Expandable calculations on big integers (HO
)
Package: bitset 2016/05/16 v1.2 Handle bit-vector datatype (HO)
Package: uniquecounter 2016/05/16 v1.3 Provide unlimited unique counter (HO)
)
Package hobsub Info: Skipping package `hobsub' (already loaded).
Package: letltxmacro 2016/05/16 v1.5 Let assignment for LaTeX macros (HO)
Package: hopatch 2016/05/16 v1.3 Wrapper for package hooks (HO)
Package: xcolor-patch 2016/05/16 xcolor patch
Package: atveryend 2016/05/16 v1.9 Hooks at the very end of document (HO)
Package atveryend Info: \enddocument detected (standard20110627).
Package: atbegshi 2016/05/16 v1.17 At begin shipout hook (HO)
Package: refcount 2016/05/16 v3.5 Data extraction from label references (HO)
Package: hycolor 2016/05/16 v1.8 Color options for hyperref/bookmark (HO)
)
(/usr/share/texmf/tex/latex/oberdiek/auxhook.sty
Package: auxhook 2016/05/16 v1.4 Hooks for auxiliary files (HO)
)
(/usr/share/texmf/tex/latex/oberdiek/kvoptions.sty
Package: kvoptions 2016/05/16 v3.12 Key value format for package options (HO)
)
\@linkdim=\dimen164
\Hy@linkcounter=\count148
\Hy@pagecounter=\count149

(/usr/share/texmf/tex/latex/hyperref/pd1enc.def
File: pd1enc.def 2016/05/05 v6.83n Hyperref: PDFDocEncoding definition (HO)
)
\Hy@SavedSpaceFactor=\count150

(/usr/share/texmf/tex/latex/latexconfig/hyperref.cfg
File: hyperref.cfg 2002/06/06 v1.2 hyperref configuration of TeXLive
)
Package hyperref Info: Hyper figures OFF on input line 4446.
Package hyperref Info: Link nesting OFF on input line 4451.
Package hyperref Info: Hyper index ON on input line 4454.
Package hyperref Info: Plain pages OFF on input line 4461.
Package hyperref Info: Backreferencing OFF on input line 4466.
Package hyperref Info: Implicit mode ON; LaTeX internals redefined.
Package hyperref Info: Bookmarks ON on input line 4691.
\c@Hy@tempcnt=\count151

(/usr/share/texmf/tex/latex/url/url.sty
\Urlmuskip=\muskip16
Package: url 2013/09/16  ver 3.4  Verb mode for urls, etc.
)
LaTeX Info: Redefining \url on input line 5044.
\XeTeXLinkMargin=\dimen165
\Fld@menulength=\count152
\Field@Width=\dimen166
\Fld@charsize=\dimen167
Package hyperref Info: Hyper figures OFF on input line 6298.
Package hyperref Info: Link nesting OFF on input line 6303.
Package hyperref Info: Hyper index ON on input line 6306.
Package hyperref Info: backreferencing OFF on input line 6313.
Package hyperref Info: Link coloring OFF on input line 6318.
Package hyperref Info: Link coloring with OCG OFF on input line 6323.
Package hyperref Info: PDF/A mode OFF on input line 6328.
LaTeX Info: Redefining \ref on input line 6368.
LaTeX Info: Redefining \pageref on input line 6372.
\Hy@abspage=\count153
\c@Item=\count154
\c@Hfootnote=\count155
)

Package hyperref Message: Driver (autodetected): hpdftex.

(/usr/share/texmf/tex/latex/hyperref/hpdftex.def
File: hpdftex.def 2016/05/05 v6.83n Hyperref driver for pdfTeX
\Fld@listcount=\count156
\c@bookmark@seq@number=\count157

(/usr/share/texmf/tex/latex/oberdiek/rerunfilecheck.sty
Package: rerunfilecheck 2016/05/16 v1.8 Rerun checks for auxiliary files (HO)
Package uniquecounter Info: New unique counter `rerunfilecheck' on input line 2
82.
)
\Hy@SectionHShift=\skip59
)
(/usr/share/texmf/tex/latex/pgf/basiclayer/pgf.sty
(/usr/share/texmf/tex/latex/pgf/utilities/pgfrcs.sty
(/usr/share/texmf/tex/generic/pgf/utilities/pgfutil-common.tex
\pgfutil@everybye=\toks24
\pgfutil@tempdima=\dimen168
\pgfutil@tempdimb=\dimen169

(/usr/share/texmf/tex/generic/pgf/utilities/pgfutil-common-lists.tex))
(/usr/share/texmf/tex/generic/pgf/utilities/pgfutil-latex.def
\pgfutil@abb=\box55

(/usr/share/texmf/tex/latex/ms/everyshi.sty
Package: everyshi 2001/05/15 v3.00 EveryShipout Package (MS)
))
(/usr/share/texmf/tex/generic/pgf/utilities/pgfrcs.code.tex
Package: pgfrcs 2015/08/07 v3.0.1a (rcs-revision 1.31)
))
Package: pgf 2015/08/07 v3.0.1a (rcs-revision 1.15)

(/usr/share/texmf/tex/latex/pgf/basiclayer/pgfcore.sty
(/usr/share/texmf/tex/latex/pgf/systemlayer/pgfsys.sty
(/usr/share/texmf/tex/generic/pgf/systemlayer/pgfsys.code.tex
Package: pgfsys 2014/07/09 v3.0.1a (rcs-revision 1.48)

(/usr/share/texmf/tex/generic/pgf/utilities/pgfkeys.code.tex
\pgfkeys@pathtoks=\toks25
\pgfkeys@temptoks=\toks26

(/usr/share/texmf/tex/generic/pgf/utilities/pgfkeysfiltered.code.tex
\pgfkeys@tmptoks=\toks27
))
\pgf@x=\dimen170
\pgf@y=\dimen171
\pgf@xa=\dimen172
\pgf@ya=\dimen173
\pgf@xb=\dimen174
\pgf@yb=\dimen175
\pgf@xc=\dimen176
\pgf@yc=\dimen177
\w@pgf@writea=\write5
\r@pgf@reada=\read3
\c@pgf@counta=\count158
\c@pgf@countb=\count159
\c@pgf@countc=\count160
\c@pgf@countd=\count161
\t@pgf@toka=\toks28
\t@pgf@tokb=\toks29
\t@pgf@tokc=\toks30

(/usr/share/texmf/tex/generic/pgf/systemlayer/pgf.cfg
File: pgf.cfg 2008/05/14  (rcs-revision 1.7)
)
Driver file for pgf: pgfsys-pdftex.def

(/usr/share/texmf/tex/generic/pgf/systemlayer/pgfsys-pdftex.def
File: pgfsys-pdftex.def 2014/10/11  (rcs-revision 1.35)

(/usr/share/texmf/tex/generic/pgf/systemlayer/pgfsys-common-pdf.def
File: pgfsys-common-pdf.def 2013/10/10  (rcs-revision 1.13)
)))
(/usr/share/texmf/tex/generic/pgf/systemlayer/pgfsyssoftpath.code.tex
File: pgfsyssoftpath.code.tex 2013/09/09  (rcs-revision 1.9)
\pgfsyssoftpath@smallbuffer@items=\count162
\pgfsyssoftpath@bigbuffer@items=\count163
)
(/usr/share/texmf/tex/generic/pgf/systemlayer/pgfsysprotocol.code.tex
File: pgfsysprotocol.code.tex 2006/10/16  (rcs-revision 1.4)
))
(/usr/share/texmf/tex/latex/xcolor/xcolor.sty
Package: xcolor 2016/05/11 v2.12 LaTeX color extensions (UK)

(/usr/share/texmf/tex/latex/graphics-cfg/color.cfg
File: color.cfg 2016/01/02 v1.6 sample color configuration
)
Package xcolor Info: Driver file: pdftex.def on input line 225.
Package xcolor Info: Model `cmy' substituted by `cmy0' on input line 1348.
Package xcolor Info: Model `hsb' substituted by `rgb' on input line 1352.
Package xcolor Info: Model `RGB' extended on input line 1364.
Package xcolor Info: Model `HTML' substituted by `rgb' on input line 1366.
Package xcolor Info: Model `Hsb' substituted by `hsb' on input line 1367.
Package xcolor Info: Model `tHsb' substituted by `hsb' on input line 1368.
Package xcolor Info: Model `HSB' substituted by `hsb' on input line 1369.
Package xcolor Info: Model `Gray' substituted by `gray' on input line 1370.
Package xcolor Info: Model `wave' substituted by `hsb' on input line 1371.
)
(/usr/share/texmf/tex/generic/pgf/basiclayer/pgfcore.code.tex
Package: pgfcore 2010/04/11 v3.0.1a (rcs-revision 1.7)

(/usr/share/texmf/tex/generic/pgf/math/pgfmath.code.tex
(/usr/share/texmf/tex/generic/pgf/math/pgfmathcalc.code.tex
(/usr/share/texmf/tex/generic/pgf/math/pgfmathutil.code.tex)
(/usr/share/texmf/tex/generic/pgf/math/pgfmathparser.code.tex
\pgfmath@dimen=\dimen178
\pgfmath@count=\count164
\pgfmath@box=\box56
\pgfmath@toks=\toks31
\pgfmath@stack@operand=\toks32
\pgfmath@stack@operation=\toks33
)
(/usr/share/texmf/tex/generic/pgf/math/pgfmathfunctions.code.tex
(/usr/share/texmf/tex/generic/pgf/math/pgfmathfunctions.basic.code.tex)
(/usr/share/texmf/tex/generic/pgf/math/pgfmathfunctions.trigonometric.code.tex)
(/usr/share/texmf/tex/generic/pgf/math/pgfmathfunctions.random.code.tex)
(/usr/share/texmf/tex/generic/pgf/math/pgfmathfunctions.comparison.code.tex)
(/usr/share/texmf/tex/generic/pgf/math/pgfmathfunctions.base.code.tex)
(/usr/share/texmf/tex/generic/pgf/math/pgfmathfunctions.round.code.tex)
(/usr/share/texmf/tex/generic/pgf/math/pgfmathfunctions.misc.code.tex)
(/usr/share/texmf/tex/generic/pgf/math/pgfmathfunctions.integerarithmetics.code
.tex))) (/usr/share/texmf/tex/generic/pgf/math/pgfmathfloat.code.tex
\c@pgfmathroundto@lastzeros=\count165
))
(/usr/share/texmf/tex/generic/pgf/basiclayer/pgfcorepoints.code.tex
File: pgfcorepoints.code.tex 2013/10/07  (rcs-revision 1.27)
\pgf@picminx=\dimen179
\pgf@picmaxx=\dimen180
\pgf@picminy=\dimen181
\pgf@picmaxy=\dimen182
\pgf@pathminx=\dimen183
\pgf@pathmaxx=\dimen184
\pgf@pathminy=\dimen185
\pgf@pathmaxy=\dimen186
\pgf@xx=\dimen187
\pgf@xy=\dimen188
\pgf@yx=\dimen189
\pgf@yy=\dimen190
\pgf@zx=\dimen191
\pgf@zy=\dimen192
)
(/usr/share/texmf/tex/generic/pgf/basiclayer/pgfcorepathconstruct.code.tex
File: pgfcorepathconstruct.code.tex 2013/10/07  (rcs-revision 1.29)
\pgf@path@lastx=\dimen193
\pgf@path@lasty=\dimen194
)
(/usr/share/texmf/tex/generic/pgf/basiclayer/pgfcorepathusage.code.tex
File: pgfcorepathusage.code.tex 2014/11/02  (rcs-revision 1.24)
\pgf@shorten@end@additional=\dimen195
\pgf@shorten@start@additional=\dimen196
)
(/usr/share/texmf/tex/generic/pgf/basiclayer/pgfcorescopes.code.tex
File: pgfcorescopes.code.tex 2015/05/08  (rcs-revision 1.46)
\pgfpic=\box57
\pgf@hbox=\box58
\pgf@layerbox@main=\box59
\pgf@picture@serial@count=\count166
)
(/usr/share/texmf/tex/generic/pgf/basiclayer/pgfcoregraphicstate.code.tex
File: pgfcoregraphicstate.code.tex 2014/11/02  (rcs-revision 1.12)
\pgflinewidth=\dimen197
)
(/usr/share/texmf/tex/generic/pgf/basiclayer/pgfcoretransformations.code.tex
File: pgfcoretransformations.code.tex 2015/08/07  (rcs-revision 1.20)
\pgf@pt@x=\dimen198
\pgf@pt@y=\dimen199
\pgf@pt@temp=\dimen256
)
(/usr/share/texmf/tex/generic/pgf/basiclayer/pgfcorequick.code.tex
File: pgfcorequick.code.tex 2008/10/09  (rcs-revision 1.3)
)
(/usr/share/texmf/tex/generic/pgf/basiclayer/pgfcoreobjects.code.tex
File: pgfcoreobjects.code.tex 2006/10/11  (rcs-revision 1.2)
)
(/usr/share/texmf/tex/generic/pgf/basiclayer/pgfcorepathprocessing.code.tex
File: pgfcorepathprocessing.code.tex 2013/09/09  (rcs-revision 1.9)
)
(/usr/share/texmf/tex/generic/pgf/basiclayer/pgfcorearrows.code.tex
File: pgfcorearrows.code.tex 2015/05/14  (rcs-revision 1.43)
\pgfarrowsep=\dimen257
)
(/usr/share/texmf/tex/generic/pgf/basiclayer/pgfcoreshade.code.tex
File: pgfcoreshade.code.tex 2013/07/15  (rcs-revision 1.15)
\pgf@max=\dimen258
\pgf@sys@shading@range@num=\count167
)
(/usr/share/texmf/tex/generic/pgf/basiclayer/pgfcoreimage.code.tex
File: pgfcoreimage.code.tex 2013/07/15  (rcs-revision 1.18)

(/usr/share/texmf/tex/generic/pgf/basiclayer/pgfcoreexternal.code.tex
File: pgfcoreexternal.code.tex 2014/07/09  (rcs-revision 1.21)
\pgfexternal@startupbox=\box60
))
(/usr/share/texmf/tex/generic/pgf/basiclayer/pgfcorelayers.code.tex
File: pgfcorelayers.code.tex 2013/07/18  (rcs-revision 1.7)
)
(/usr/share/texmf/tex/generic/pgf/basiclayer/pgfcoretransparency.code.tex
File: pgfcoretransparency.code.tex 2013/09/30  (rcs-revision 1.5)
)
(/usr/share/texmf/tex/generic/pgf/basiclayer/pgfcorepatterns.code.tex
File: pgfcorepatterns.code.tex 2013/11/07  (rcs-revision 1.5)
)))
(/usr/share/texmf/tex/generic/pgf/modules/pgfmoduleshapes.code.tex
File: pgfmoduleshapes.code.tex 2014/03/21  (rcs-revision 1.35)
\pgfnodeparttextbox=\box61
)
(/usr/share/texmf/tex/generic/pgf/modules/pgfmoduleplot.code.tex
File: pgfmoduleplot.code.tex 2015/08/03  (rcs-revision 1.13)
)
(/usr/share/texmf/tex/latex/pgf/compatibility/pgfcomp-version-0-65.sty
Package: pgfcomp-version-0-65 2007/07/03 v3.0.1a (rcs-revision 1.7)
\pgf@nodesepstart=\dimen259
\pgf@nodesepend=\dimen260
)
(/usr/share/texmf/tex/latex/pgf/compatibility/pgfcomp-version-1-18.sty
Package: pgfcomp-version-1-18 2007/07/23 v3.0.1a (rcs-revision 1.1)
))
(/usr/share/texmf/tex/latex/amsmath/amsmath.sty
Package: amsmath 2016/03/10 v2.15b AMS math features
\@mathmargin=\skip60

For additional information on amsmath, use the `?' option.
(/usr/share/texmf/tex/latex/amsmath/amsbsy.sty
Package: amsbsy 1999/11/29 v1.2d Bold Symbols
\pmbraise@=\dimen261
)
(/usr/share/texmf/tex/latex/amsmath/amsopn.sty
Package: amsopn 2016/03/08 v2.02 operator names
)
\inf@bad=\count168
LaTeX Info: Redefining \frac on input line 199.
\uproot@=\count169
\leftroot@=\count170
LaTeX Info: Redefining \overline on input line 297.
\classnum@=\count171
\DOTSCASE@=\count172
LaTeX Info: Redefining \ldots on input line 394.
LaTeX Info: Redefining \dots on input line 397.
LaTeX Info: Redefining \cdots on input line 518.
\Mathstrutbox@=\box62
\strutbox@=\box63
\big@size=\dimen262
LaTeX Font Info:    Redeclaring font encoding OML on input line 634.
LaTeX Font Info:    Redeclaring font encoding OMS on input line 635.
\macc@depth=\count173
\c@MaxMatrixCols=\count174
\dotsspace@=\muskip17
\c@parentequation=\count175
\dspbrk@lvl=\count176
\tag@help=\toks34
\row@=\count177
\column@=\count178
\maxfields@=\count179
\andhelp@=\toks35
\eqnshift@=\dimen263
\alignsep@=\dimen264
\tagshift@=\dimen265
\tagwidth@=\dimen266
\totwidth@=\dimen267
\lineht@=\dimen268
\@envbody=\toks36
\multlinegap=\skip61
\multlinetaggap=\skip62
\mathdisplay@stack=\toks37
LaTeX Info: Redefining \[ on input line 2739.
LaTeX Info: Redefining \] on input line 2740.
)
(/usr/share/texmf/tex/latex/pgf/frontendlayer/tikz.sty
(/usr/share/texmf/tex/latex/pgf/utilities/pgffor.sty
(/usr/share/texmf/tex/latex/pgf/utilities/pgfkeys.sty
(/usr/share/texmf/tex/generic/pgf/utilities/pgfkeys.code.tex))
(/usr/share/texmf/tex/latex/pgf/math/pgfmath.sty
(/usr/share/texmf/tex/generic/pgf/math/pgfmath.code.tex))
(/usr/share/texmf/tex/generic/pgf/utilities/pgffor.code.tex
Package: pgffor 2013/12/13 v3.0.1a (rcs-revision 1.25)

(/usr/share/texmf/tex/generic/pgf/math/pgfmath.code.tex)
\pgffor@iter=\dimen269
\pgffor@skip=\dimen270
\pgffor@stack=\toks38
\pgffor@toks=\toks39
))
(/usr/share/texmf/tex/generic/pgf/frontendlayer/tikz/tikz.code.tex
Package: tikz 2015/08/07 v3.0.1a (rcs-revision 1.151)

(/usr/share/texmf/tex/generic/pgf/libraries/pgflibraryplothandlers.code.tex
File: pgflibraryplothandlers.code.tex 2013/08/31 v3.0.1a (rcs-revision 1.20)
\pgf@plot@mark@count=\count180
\pgfplotmarksize=\dimen271
)
\tikz@lastx=\dimen272
\tikz@lasty=\dimen273
\tikz@lastxsaved=\dimen274
\tikz@lastysaved=\dimen275
\tikzleveldistance=\dimen276
\tikzsiblingdistance=\dimen277
\tikz@figbox=\box64
\tikz@figbox@bg=\box65
\tikz@tempbox=\box66
\tikz@tempbox@bg=\box67
\tikztreelevel=\count181
\tikznumberofchildren=\count182
\tikznumberofcurrentchild=\count183
\tikz@fig@count=\count184

(/usr/share/texmf/tex/generic/pgf/modules/pgfmodulematrix.code.tex
File: pgfmodulematrix.code.tex 2013/09/17  (rcs-revision 1.8)
\pgfmatrixcurrentrow=\count185
\pgfmatrixcurrentcolumn=\count186
\pgf@matrix@numberofcolumns=\count187
)
\tikz@expandcount=\count188

(/usr/share/texmf/tex/generic/pgf/frontendlayer/tikz/libraries/tikzlibrarytopat
hs.code.tex
File: tikzlibrarytopaths.code.tex 2008/06/17 v3.0.1a (rcs-revision 1.2)
))) (/usr/share/texmf/tex/latex/tikz-dimline/tikz-dimline.sty
Package: tikz-dimline 2013/03/13 v1.0 initial version

(/usr/share/texmf/tex/latex/pgfplots/pgfplots.sty
(/usr/share/texmf/tex/generic/pgfplots/pgfplots.revision.tex)
Package: pgfplots 2016/01/06 v1.13 Data Visualization (1.13)

(/usr/share/texmf/tex/generic/pgfplots/pgfplots.code.tex
(/usr/share/texmf/tex/generic/pgfplots/pgfplotscore.code.tex
\t@pgfplots@toka=\toks40
\t@pgfplots@tokb=\toks41
\t@pgfplots@tokc=\toks42
\pgfplots@tmpa=\dimen278
\c@pgfplots@coordindex=\count189
\c@pgfplots@scanlineindex=\count190

(/usr/share/texmf/tex/generic/pgfplots/sys/pgfplotssysgeneric.code.tex))
(/usr/share/texmf/tex/generic/pgfplots/libs/pgfplotslibrary.code.tex)
(/usr/share/texmf/tex/generic/pgfplots/oldpgfcompatib/pgfplotsoldpgfsupp_loader
.code.tex (/usr/share/texmf/tex/generic/pgf/libraries/pgflibraryfpu.code.tex)
Package pgfplots: loading complementary arithmetics for your pgf version...

(/usr/share/texmf/tex/generic/pgfplots/oldpgfcompatib/pgfplotsoldpgfsupp_pgflib
raryfpu.code.tex)
(/usr/share/texmf/tex/generic/pgfplots/oldpgfcompatib/pgfplotsoldpgfsupp_pgfmat
hfloat.code.tex
\c@pgfmathroundto@lastzeros=\count191
))
(/usr/share/texmf/tex/generic/pgfplots/util/pgfplotsutil.code.tex
(/usr/share/texmf/tex/generic/pgfplots/liststructure/pgfplotsliststructure.code
.tex)
(/usr/share/texmf/tex/generic/pgfplots/liststructure/pgfplotsliststructureext.c
ode.tex)
(/usr/share/texmf/tex/generic/pgfplots/liststructure/pgfplotsarray.code.tex
\c@pgfplotsarray@tmp=\count192
)
(/usr/share/texmf/tex/generic/pgfplots/liststructure/pgfplotsmatrix.code.tex)
(/usr/share/texmf/tex/generic/pgfplots/numtable/pgfplotstableshared.code.tex
\c@pgfplotstable@counta=\count193
\t@pgfplotstable@a=\toks43
)
(/usr/share/texmf/tex/generic/pgfplots/liststructure/pgfplotsdeque.code.tex)
(/usr/share/texmf/tex/generic/pgfplots/util/pgfplotsbinary.code.tex
(/usr/share/texmf/tex/generic/pgfplots/util/pgfplotsbinary.data.code.tex))
(/usr/share/texmf/tex/generic/pgfplots/util/pgfplotsutil.verb.code.tex)
(/usr/share/texmf/tex/generic/pgfplots/libs/pgflibrarypgfplots.surfshading.code
.tex
\c@pgfplotslibrarysurf@no=\count194

(/usr/share/texmf/tex/generic/pgfplots/sys/pgflibrarypgfplots.surfshading.pgfsy
s-pdftex.def)))
(/usr/share/texmf/tex/generic/pgfplots/util/pgfplotscolormap.code.tex
(/usr/share/texmf/tex/generic/pgfplots/util/pgfplotscolor.code.tex))
(/usr/share/texmf/tex/generic/pgfplots/pgfplotsstackedplots.code.tex)
(/usr/share/texmf/tex/generic/pgfplots/pgfplotsplothandlers.code.tex
(/usr/share/texmf/tex/generic/pgfplots/pgfplotsmeshplothandler.code.tex
(/usr/share/texmf/tex/generic/pgfplots/pgfplotsmeshplotimage.code.tex)))
(/usr/share/texmf/tex/generic/pgfplots/pgfplots.scaling.code.tex)
(/usr/share/texmf/tex/generic/pgfplots/pgfplotscoordprocessing.code.tex)
(/usr/share/texmf/tex/generic/pgfplots/pgfplots.errorbars.code.tex)
(/usr/share/texmf/tex/generic/pgfplots/pgfplots.markers.code.tex)
(/usr/share/texmf/tex/generic/pgfplots/pgfplotsticks.code.tex)
(/usr/share/texmf/tex/generic/pgfplots/pgfplots.paths.code.tex)
(/usr/share/texmf/tex/generic/pgf/frontendlayer/tikz/libraries/tikzlibrarydecor
ations.code.tex
(/usr/share/texmf/tex/generic/pgf/modules/pgfmoduledecorations.code.tex
\pgfdecoratedcompleteddistance=\dimen279
\pgfdecoratedremainingdistance=\dimen280
\pgfdecoratedinputsegmentcompleteddistance=\dimen281
\pgfdecoratedinputsegmentremainingdistance=\dimen282
\pgf@decorate@distancetomove=\dimen283
\pgf@decorate@repeatstate=\count195
\pgfdecorationsegmentamplitude=\dimen284
\pgfdecorationsegmentlength=\dimen285
)
\tikz@lib@dec@box=\box68
)
(/usr/share/texmf/tex/generic/pgf/frontendlayer/tikz/libraries/tikzlibrarydecor
ations.pathmorphing.code.tex
(/usr/share/texmf/tex/generic/pgf/libraries/decorations/pgflibrarydecorations.p
athmorphing.code.tex))
(/usr/share/texmf/tex/generic/pgf/frontendlayer/tikz/libraries/tikzlibrarydecor
ations.pathreplacing.code.tex
(/usr/share/texmf/tex/generic/pgf/libraries/decorations/pgflibrarydecorations.p
athreplacing.code.tex))
\pgfplots@numplots=\count196
\pgfplots@xmin@reg=\dimen286
\pgfplots@xmax@reg=\dimen287
\pgfplots@ymin@reg=\dimen288
\pgfplots@ymax@reg=\dimen289
\pgfplots@zmin@reg=\dimen290
\pgfplots@zmax@reg=\dimen291
)
(/usr/share/texmf/tex/generic/pgf/frontendlayer/tikz/libraries/tikzlibraryplotm
arks.code.tex
File: tikzlibraryplotmarks.code.tex 2008/01/09 v3.0.1a (rcs-revision 1.1)

(/usr/share/texmf/tex/generic/pgf/libraries/pgflibraryplotmarks.code.tex
File: pgflibraryplotmarks.code.tex 2015/08/03 v3.0.1a (rcs-revision 1.14)
)))
(/usr/share/texmf/tex/generic/pgf/frontendlayer/tikz/libraries/tikzlibrarycalc.
code.tex
File: tikzlibrarycalc.code.tex 2013/07/15 v3.0.1a (rcs-revision 1.9)
)
(/usr/share/texmf/tex/generic/pgf/frontendlayer/tikz/libraries/tikzlibrarydecor
ations.markings.code.tex
(/usr/share/texmf/tex/generic/pgf/libraries/decorations/pgflibrarydecorations.m
arkings.code.tex))
(/usr/share/texmf/tex/generic/pgf/frontendlayer/tikz/libraries/tikzlibraryarrow
s.code.tex
File: tikzlibraryarrows.code.tex 2008/01/09 v3.0.1a (rcs-revision 1.1)

(/usr/share/texmf/tex/generic/pgf/libraries/pgflibraryarrows.code.tex
File: pgflibraryarrows.code.tex 2013/09/23 v3.0.1a (rcs-revision 1.16)
\arrowsize=\dimen292
))
\dimline@arrow@linewidth=\dimen293
)
(/usr/share/texmf/tex/latex/tools/bm.sty
Package: bm 2016/02/27 v1.2a Bold Symbol Support (DPC/FMi)
\symboldoperators=\mathgroup4
\symboldletters=\mathgroup5
\symboldsymbols=\mathgroup6
LaTeX Font Info:    Redeclaring math alphabet \mathbf on input line 142.
LaTeX Info: Redefining \bm on input line 208.
) (./structuralanalysis.sty
Package: structuralanalysis 

(/usr/share/texmf/tex/latex/xargs/xargs.sty
Package: xargs 2008/03/22 v1.1  extended macro definitions  (mpg)

(/usr/share/texmf/tex/latex/xkeyval/xkeyval.sty
Package: xkeyval 2014/12/03 v2.7a package option processing (HA)

(/usr/share/texmf/tex/generic/xkeyval/xkeyval.tex
(/usr/share/texmf/tex/generic/xkeyval/xkvutils.tex
\XKV@toks=\toks44
\XKV@tempa@toks=\toks45
)
\XKV@depth=\count197
File: xkeyval.tex 2014/12/03 v2.7a key=value parser (HA)
))
\xargs@max=\count198
\xargs@toksa=\toks46
\xargs@toksb=\toks47
)
(/usr/share/texmf/tex/generic/pgf/frontendlayer/tikz/libraries/tikzlibraryshape
s.code.tex
File: tikzlibraryshapes.code.tex 2008/01/09 v3.0.1a (rcs-revision 1.1)

(/usr/share/texmf/tex/generic/pgf/frontendlayer/tikz/libraries/tikzlibraryshape
s.geometric.code.tex
File: tikzlibraryshapes.geometric.code.tex 2008/01/09 v3.0.1a (rcs-revision 1.1
)

(/usr/share/texmf/tex/generic/pgf/libraries/shapes/pgflibraryshapes.geometric.c
ode.tex
File: pgflibraryshapes.geometric.code.tex 2008/06/26 v3.0.1a (rcs-revision 1.1)

))
(/usr/share/texmf/tex/generic/pgf/frontendlayer/tikz/libraries/tikzlibraryshape
s.misc.code.tex
File: tikzlibraryshapes.misc.code.tex 2008/01/09 v3.0.1a (rcs-revision 1.1)

(/usr/share/texmf/tex/generic/pgf/libraries/shapes/pgflibraryshapes.misc.code.t
ex
File: pgflibraryshapes.misc.code.tex 2013/07/18 v3.0.1a (rcs-revision 1.5)
))
(/usr/share/texmf/tex/generic/pgf/frontendlayer/tikz/libraries/tikzlibraryshape
s.symbols.code.tex
File: tikzlibraryshapes.symbols.code.tex 2008/01/09 v3.0.1a (rcs-revision 1.1)

(/usr/share/texmf/tex/generic/pgf/libraries/shapes/pgflibraryshapes.symbols.cod
e.tex
File: pgflibraryshapes.symbols.code.tex 2013/09/11 v3.0.1a (rcs-revision 1.6)
))
(/usr/share/texmf/tex/generic/pgf/frontendlayer/tikz/libraries/tikzlibraryshape
s.arrows.code.tex
File: tikzlibraryshapes.arrows.code.tex 2008/01/09 v3.0.1a (rcs-revision 1.1)

(/usr/share/texmf/tex/generic/pgf/libraries/shapes/pgflibraryshapes.arrows.code
.tex
File: pgflibraryshapes.arrows.code.tex 2008/06/26 v3.0.1a (rcs-revision 1.1)
))
(/usr/share/texmf/tex/generic/pgf/frontendlayer/tikz/libraries/tikzlibraryshape
s.callouts.code.tex
(/usr/share/texmf/tex/generic/pgf/libraries/shapes/pgflibraryshapes.callouts.co
de.tex))
(/usr/share/texmf/tex/generic/pgf/frontendlayer/tikz/libraries/tikzlibraryshape
s.multipart.code.tex
File: tikzlibraryshapes.multipart.code.tex 2008/01/09 v3.0.1a (rcs-revision 1.1
)

(/usr/share/texmf/tex/generic/pgf/libraries/shapes/pgflibraryshapes.multipart.c
ode.tex
File: pgflibraryshapes.multipart.code.tex 2010/01/07 v3.0.1a (rcs-revision 1.2)

\pgfnodepartlowerbox=\box69
\pgfnodeparttwobox=\box70
\pgfnodepartthreebox=\box71
\pgfnodepartfourbox=\box72
\pgfnodeparttwentybox=\box73
\pgfnodepartnineteenbox=\box74
\pgfnodeparteighteenbox=\box75
\pgfnodepartseventeenbox=\box76
\pgfnodepartsixteenbox=\box77
\pgfnodepartfifteenbox=\box78
\pgfnodepartfourteenbox=\box79
\pgfnodepartthirteenbox=\box80
\pgfnodeparttwelvebox=\box81
\pgfnodepartelevenbox=\box82
\pgfnodeparttenbox=\box83
\pgfnodepartninebox=\box84
\pgfnodeparteightbox=\box85
\pgfnodepartsevenbox=\box86
\pgfnodepartsixbox=\box87
\pgfnodepartfivebox=\box88
)))
(/usr/share/texmf/tex/generic/pgf/frontendlayer/tikz/libraries/tikzlibraryposit
ioning.code.tex
File: tikzlibrarypositioning.code.tex 2008/10/06 v3.0.1a (rcs-revision 1.7)
)
(/usr/share/texmf/tex/generic/pgf/frontendlayer/tikz/libraries/tikzlibraryautom
ata.code.tex
File: tikzlibraryautomata.code.tex 2008/07/14 v3.0.1a (rcs-revision 1.3)
)
(/usr/share/texmf/tex/generic/pgf/frontendlayer/tikz/libraries/tikzlibrarypatte
rns.code.tex
File: tikzlibrarypatterns.code.tex 2008/01/15 v3.0.1a (rcs-revision 1.2)

(/usr/share/texmf/tex/generic/pgf/libraries/pgflibrarypatterns.code.tex
File: pgflibrarypatterns.code.tex 2008/03/03 v3.0.1a (rcs-revision 1.13)
)))
(/usr/share/texmf/tex/latex/diagbox/diagbox.sty
Package: diagbox 2016/02/24 v2.1 Making table heads with diagonal lines

(/usr/share/texmf/tex/latex/pict2e/pict2e.sty
Package: pict2e 2016/02/05 v0.3b Improved picture commands (HjG,RN,JT)

(/usr/share/texmf/tex/latex/pict2e/pict2e.cfg
File: pict2e.cfg 2016/02/05 v0.1u pict2e configuration for teTeX/TeXLive
)
Package pict2e Info: Driver file: pdftex.def on input line 119.
Package pict2e Info: Driver file for pict2e: p2e-pdftex.def on input line 121.

(/usr/share/texmf/tex/latex/pict2e/p2e-pdftex.def
File: p2e-pdftex.def 2016/02/05 v0.1u Driver-dependant file (RN,HjG,JT)
)
\pIIe@GRAPH=\toks48
\@arclen=\dimen294
\@arcrad=\dimen295
\@tempdimd=\dimen296
)
(/usr/share/texmf/tex/latex/fp/fp.sty
Package: fp 1995/04/02

`Fixed Point Package', Version 0.8, April 2, 1995 (C) Michael Mehlich
(/usr/share/texmf/tex/latex/fp/defpattern.sty
Package: defpattern 1994/10/12
\actioncount=\count199
)
(/usr/share/texmf/tex/latex/fp/fp-basic.sty
Package: fp-basic 1996/05/13
\FP@xs=\count266
\FP@xia=\count267
\FP@xib=\count268
\FP@xfa=\count269
\FP@xfb=\count270
\FP@rega=\count271
\FP@regb=\count272
\FP@regs=\count273
\FP@times=\count274
)
(/usr/share/texmf/tex/latex/fp/fp-addons.sty
Package: fp-addons 1995/03/15
)
(/usr/share/texmf/tex/latex/fp/fp-snap.sty
Package: fp-snap 1995/04/05
)
(/usr/share/texmf/tex/latex/fp/fp-exp.sty
Package: fp-exp 1995/04/03
)
(/usr/share/texmf/tex/latex/fp/fp-trigo.sty
Package: fp-trigo 1995/04/14
)
(/usr/share/texmf/tex/latex/fp/fp-pas.sty
Package: fp-pas 1994/08/29
)
(/usr/share/texmf/tex/latex/fp/fp-random.sty
Package: fp-random 1995/02/23
\FPseed=\count275
)
(/usr/share/texmf/tex/latex/fp/fp-eqn.sty
Package: fp-eqn 1995/04/03
)
(/usr/share/texmf/tex/latex/fp/fp-upn.sty
Package: fp-upn 1996/10/21
)
(/usr/share/texmf/tex/latex/fp/fp-eval.sty
Package: fp-eval 1995/04/03
))
\diagbox@boxa=\box89
\diagbox@boxb=\box90
\diagbox@boxm=\box91
\diagbox@wd=\dimen297
\diagbox@ht=\dimen298
\diagbox@insepl=\dimen299
\diagbox@insepr=\dimen300
\diagbox@outsepl=\dimen301
\diagbox@outsepr=\dimen302
)
(/usr/share/texmf/tex/latex/placeins/placeins.sty
Package: placeins 2005/04/18  v 2.2
)
(/usr/share/texmf/tex/latex/enumitem/enumitem.sty
Package: enumitem 2011/09/28 v3.5.2 Customized lists
\labelindent=\skip63
\enit@outerparindent=\dimen303
\enit@toks=\toks49
\enit@inbox=\box92
\enitdp@description=\count276
) (./main.aux)
\openout1 = `main.aux'.

LaTeX Font Info:    Checking defaults for OML/cmm/m/it on input line 45.
LaTeX Font Info:    ... okay on input line 45.
LaTeX Font Info:    Checking defaults for T1/cmr/m/n on input line 45.
LaTeX Font Info:    ... okay on input line 45.
LaTeX Font Info:    Checking defaults for OT1/cmr/m/n on input line 45.
LaTeX Font Info:    ... okay on input line 45.
LaTeX Font Info:    Checking defaults for OMS/cmsy/m/n on input line 45.
LaTeX Font Info:    ... okay on input line 45.
LaTeX Font Info:    Checking defaults for OMX/cmex/m/n on input line 45.
LaTeX Font Info:    ... okay on input line 45.
LaTeX Font Info:    Checking defaults for U/cmr/m/n on input line 45.
LaTeX Font Info:    ... okay on input line 45.
LaTeX Font Info:    Checking defaults for PD1/pdf/m/n on input line 45.
LaTeX Font Info:    ... okay on input line 45.

(/usr/share/texmf/tex/context/base/mkii/supp-pdf.mkii
[Loading MPS to PDF converter (version 2006.09.02).]
\scratchcounter=\count277
\scratchdimen=\dimen304
\scratchbox=\box93
\nofMPsegments=\count278
\nofMParguments=\count279
\everyMPshowfont=\toks50
\MPscratchCnt=\count280
\MPscratchDim=\dimen305
\MPnumerator=\count281
\makeMPintoPDFobject=\count282
\everyMPtoPDFconversion=\toks51
) (/usr/share/texmf/tex/latex/oberdiek/epstopdf-base.sty
Package: epstopdf-base 2016/05/15 v2.6 Base part for package epstopdf

(/usr/share/texmf/tex/latex/oberdiek/grfext.sty
Package: grfext 2016/05/16 v1.2 Manage graphics extensions (HO)
)
Package grfext Info: Graphics extension search list:
(grfext)             [.png,.pdf,.jpg,.mps,.jpeg,.jbig2,.jb2,.PNG,.PDF,.JPG,.JPE
G,.JBIG2,.JB2,.eps]
(grfext)             \AppendGraphicsExtensions on input line 456.

(/usr/share/texmf/tex/latex/latexconfig/epstopdf-sys.cfg
File: epstopdf-sys.cfg 2010/07/13 v1.3 Configuration of (r)epstopdf for TeX Liv
e
))
*geometry* driver: auto-detecting
*geometry* detected driver: pdftex
*geometry* verbose mode - [ preamble ] result:
* driver: pdftex
* paper: custom
* layout: <same size as paper>
* layoutoffset:(h,v)=(0.0pt,0.0pt)
* hratio: 1:1
* vratio: 1:1
* modes: 
* h-part:(L,W,R)=(37.75394pt, 522.0pt, 37.75394pt)
* v-part:(T,H,B)=(81.52342pt, 682.0pt, 81.52342pt)
* \paperwidth=597.50787pt
* \paperheight=845.04684pt
* \textwidth=522.0pt
* \textheight=682.0pt
* \oddsidemargin=-34.51605pt
* \evensidemargin=-34.51605pt
* \topmargin=-52.74657pt
* \headheight=50.0pt
* \headsep=12.0pt
* \topskip=10.0pt
* \footskip=18.0pt
* \marginparwidth=65.0pt
* \marginparsep=11.0pt
* \columnsep=18.0pt
* \skip\footins=24.0pt plus 2.0pt minus 12.0pt
* \hoffset=0.0pt
* \voffset=0.0pt
* \mag=1000
* \@twocolumntrue
* \@twosidefalse
* \@mparswitchfalse
* \@reversemarginfalse
* (1in=72.27pt=25.4mm, 1cm=28.453pt)


(/usr/share/texmf/tex/latex/beamer/translator/dicts/translator-basic-dictionary
/translator-basic-dictionary-English.dict
Dictionary: translator-basic-dictionary, Language: English 
)
(/usr/share/texmf/tex/latex/siunitx/siunitx-abbreviations.cfg
File: siunitx-abbreviations.cfg 2016/03/01 v2.6q siunitx: Abbreviated units
)
\AtBeginShipoutBox=\box94
Package hyperref Info: Link coloring OFF on input line 45.

(/usr/share/texmf/tex/latex/hyperref/nameref.sty
Package: nameref 2012/10/27 v2.43 Cross-referencing by name of section

(/usr/share/texmf/tex/generic/oberdiek/gettitlestring.sty
Package: gettitlestring 2016/05/16 v1.5 Cleanup title references (HO)
)
\c@section@level=\count283
)
LaTeX Info: Redefining \ref on input line 45.
LaTeX Info: Redefining \pageref on input line 45.
LaTeX Info: Redefining \nameref on input line 45.
 (./main.out)
(./main.out)
\@outlinefile=\write6
\openout6 = `main.out'.

 ABD: EveryShipout initializing macros

Package pgfplots Warning: running in backwards compatibility mode (unsuitable t
ick labels; missing features). Consider writing \pgfplotsset{compat=1.13} into 
your preamble.
 on input line 45.

\c__siunitx_mathsf_int=\count284
\c__siunitx_mathtt_int=\count285
[1{/var/lib/texmf/fonts/map/pdftex/updmap/pdftex.map}


]
Overfull \hbox (3.02827pt too wide) in paragraph at lines 120--121
\OT1/cmr/m/n/10 ten-tials for liq-uid sim-u-la-tions, all-atom force field (L-O
PLS-
 []


Overfull \hbox (18.69499pt too wide) in paragraph at lines 122--123
\OT1/cmr/m/n/10 specif-i-cally de-vel-oped to sim-u-late alkane be-haviour on h
ematite
 []

[2] <DataDump/Images/5_region.png, id=188, 819.06pt x 840.13875pt>
File: DataDump/Images/5_region.png Graphic file (type png)

<use DataDump/Images/5_region.png>
Package pdftex.def Info: DataDump/Images/5_region.png used on input line 137.
(pdftex.def)             Requested size: 130.5pt x 133.84807pt.

Overfull \hbox (4.7418pt too wide) in paragraph at lines 141--141
 [][][][]\OT1/cmr/m/n/10 Bottom 
 []


Overfull \hbox (12.90321pt too wide) in paragraph at lines 206--207
\OT1/cmr/m/n/10 coun-tered in real en-gi-neer-ing com-po-nents $[]$ [[]],
 []


Overfull \hbox (6.86153pt too wide) in paragraph at lines 208--209
[]\OT1/cmr/m/n/10 To ver-ify that a nonequi-lib-rium steady state was reached,
 []


Overfull \hbox (8.90672pt too wide) in paragraph at lines 208--209
\OT1/cmr/m/n/10 the evo-lu-tion of the mean square end-to-end dis-tance $[]$,
 []

\openout4 = `main-gnuplottex-fig1.gnuplot'.

Opening gnuplot stream main-gnuplottex-fig1.gnuplot
runsystem(gnuplot main-gnuplottex-fig1.gnuplot 2>>main.gnuploterrors)...execute
d.

Package gnuplottex Info: main-gnuplottex-fig1.gnuplot converted on input line 2
60.
 (./main-gnuplottex-fig1.tex
\gptboxheight=\skip64
\gptboxwidth=\skip65
\gptboxtext=\box95
Package epstopdf Info: Source file: <main-gnuplottex-fig1.eps>
(epstopdf)                    date: 2019-01-31 15:19:00
(epstopdf)                    size: 197254 bytes
(epstopdf)             Output file: <main-gnuplottex-fig1-eps-converted-to.pdf>

(epstopdf)                    date: 2019-01-31 15:00:48
(epstopdf)                    size: 91409 bytes
(epstopdf)             Command: <epstopdf --outfile=main-gnuplottex-fig1-eps-co
nverted-to.pdf main-gnuplottex-fig1.eps>
(epstopdf)             \includegraphics on input line 153.
runsystem(epstopdf --outfile=main-gnuplottex-fig1-eps-converted-to.pdf main-gnu
plottex-fig1.eps)...executed.

Package epstopdf Info: Result file: <main-gnuplottex-fig1-eps-converted-to.pdf>

(epstopdf)                    date: 2019-01-31 15:19:01
(epstopdf)                    size: 91409 bytes.


pdfTeX warning: /usr/bin/pdflatex (file ./main-gnuplottex-fig1-eps-converted-to
.pdf): PDF inclusion: found PDF version <1.7>, but at most version <1.5> allowe
d
<main-gnuplottex-fig1-eps-converted-to.pdf, id=205, 250.9375pt x 257.96375pt>
File: main-gnuplottex-fig1-eps-converted-to.pdf Graphic file (type pdf)

<use main-gnuplottex-fig1-eps-converted-to.pdf>
Package pdftex.def Info: main-gnuplottex-fig1-eps-converted-to.pdf used on inpu
t line 153.
(pdftex.def)             Requested size: 250.93687pt x 257.9631pt.
) [3 <./DataDump/Images/5_region.png>]
\openout4 = `main-gnuplottex-fig2.gnuplot'.

 Opening gnuplot stream main-gnuplottex-fig2.gnuplot
runsystem(gnuplot main-gnuplottex-fig2.gnuplot 2>>main.gnuploterrors)...execute
d.

Package gnuplottex Info: main-gnuplottex-fig2.gnuplot converted on input line 3
17.

(./main-gnuplottex-fig2.tex
Package epstopdf Info: Source file: <main-gnuplottex-fig2.eps>
(epstopdf)                    date: 2019-01-31 15:19:01
(epstopdf)                    size: 20093 bytes
(epstopdf)             Output file: <main-gnuplottex-fig2-eps-converted-to.pdf>

(epstopdf)                    date: 2019-01-31 15:00:49
(epstopdf)                    size: 4049 bytes
(epstopdf)             Command: <epstopdf --outfile=main-gnuplottex-fig2-eps-co
nverted-to.pdf main-gnuplottex-fig2.eps>
(epstopdf)             \includegraphics on input line 110.
runsystem(epstopdf --outfile=main-gnuplottex-fig2-eps-converted-to.pdf main-gnu
plottex-fig2.eps)...executed.

Package epstopdf Info: Result file: <main-gnuplottex-fig2-eps-converted-to.pdf>

(epstopdf)                    date: 2019-01-31 15:19:02
(epstopdf)                    size: 4049 bytes.


pdfTeX warning: /usr/bin/pdflatex (file ./main-gnuplottex-fig2-eps-converted-to
.pdf): PDF inclusion: found PDF version <1.7>, but at most version <1.5> allowe
d
<main-gnuplottex-fig2-eps-converted-to.pdf, id=232, 250.9375pt x 185.69376pt>
File: main-gnuplottex-fig2-eps-converted-to.pdf Graphic file (type pdf)

<use main-gnuplottex-fig2-eps-converted-to.pdf>
Package pdftex.def Info: main-gnuplottex-fig2-eps-converted-to.pdf used on inpu
t line 110.
(pdftex.def)             Requested size: 250.93687pt x 185.6933pt.
)
\openout4 = `main-gnuplottex-fig3.gnuplot'.


Opening gnuplot stream main-gnuplottex-fig3.gnuplot
runsystem(gnuplot main-gnuplottex-fig3.gnuplot 2>>main.gnuploterrors)...execute
d.

Package gnuplottex Info: main-gnuplottex-fig3.gnuplot converted on input line 3
52.
 (./main-gnuplottex-fig3.tex
Package epstopdf Info: Source file: <main-gnuplottex-fig3.eps>
(epstopdf)                    date: 2019-01-31 15:19:02
(epstopdf)                    size: 20396 bytes
(epstopdf)             Output file: <main-gnuplottex-fig3-eps-converted-to.pdf>

(epstopdf)                    date: 2019-01-31 15:00:49
(epstopdf)                    size: 4152 bytes
(epstopdf)             Command: <epstopdf --outfile=main-gnuplottex-fig3-eps-co
nverted-to.pdf main-gnuplottex-fig3.eps>
(epstopdf)             \includegraphics on input line 118.
runsystem(epstopdf --outfile=main-gnuplottex-fig3-eps-converted-to.pdf main-gnu
plottex-fig3.eps)...executed.

Package epstopdf Info: Result file: <main-gnuplottex-fig3-eps-converted-to.pdf>

(epstopdf)                    date: 2019-01-31 15:19:02
(epstopdf)                    size: 4152 bytes.


pdfTeX warning: /usr/bin/pdflatex (file ./main-gnuplottex-fig3-eps-converted-to
.pdf): PDF inclusion: found PDF version <1.7>, but at most version <1.5> allowe
d
<main-gnuplottex-fig3-eps-converted-to.pdf, id=233, 250.9375pt x 185.69376pt>
File: main-gnuplottex-fig3-eps-converted-to.pdf Graphic file (type pdf)

<use main-gnuplottex-fig3-eps-converted-to.pdf>
Package pdftex.def Info: main-gnuplottex-fig3-eps-converted-to.pdf used on inpu
t line 118.
(pdftex.def)             Requested size: 250.93687pt x 185.6933pt.
)
Overfull \hbox (23.13025pt too wide) in paragraph at lines 358--359
[]\OT1/cmr/m/n/10 For the chain lengths and pres-sures stud-ied, $[] \OML/cmm/m
/it/10 = [][]$
 []


Overfull \hbox (6.1105pt too wide) in paragraph at lines 361--362
\OT1/cmr/m/n/10 bulk NEMD sim-u-la-tions of n-alkanes at high shear rates [[]],

 []


Overfull \hbox (0.55598pt too wide) in paragraph at lines 361--362
\OT1/cmr/m/n/10 This dis-crep-ancy can be ra-tio-nalised through the high pres-

 []

[4 <./main-gnuplottex-fig1-eps-converted-to.pdf>]
\openout4 = `main-gnuplottex-fig4.gnuplot'.


Opening gnuplot stream main-gnuplottex-fig4.gnuplot
runsystem(gnuplot main-gnuplottex-fig4.gnuplot 2>>main.gnuploterrors)...execute
d.

Package gnuplottex Info: main-gnuplottex-fig4.gnuplot converted on input line 4
29.
 (./main-gnuplottex-fig4.tex
Package epstopdf Info: Source file: <main-gnuplottex-fig4.eps>
(epstopdf)                    date: 2019-01-31 15:19:02
(epstopdf)                    size: 43194 bytes
(epstopdf)             Output file: <main-gnuplottex-fig4-eps-converted-to.pdf>

(epstopdf)                    date: 2019-01-31 15:00:50
(epstopdf)                    size: 13585 bytes
(epstopdf)             Command: <epstopdf --outfile=main-gnuplottex-fig4-eps-co
nverted-to.pdf main-gnuplottex-fig4.eps>
(epstopdf)             \includegraphics on input line 154.
runsystem(epstopdf --outfile=main-gnuplottex-fig4-eps-converted-to.pdf main-gnu
plottex-fig4.eps)...executed.

Package epstopdf Info: Result file: <main-gnuplottex-fig4-eps-converted-to.pdf>

(epstopdf)                    date: 2019-01-31 15:19:03
(epstopdf)                    size: 13585 bytes.


pdfTeX warning: /usr/bin/pdflatex (file ./main-gnuplottex-fig4-eps-converted-to
.pdf): PDF inclusion: found PDF version <1.7>, but at most version <1.5> allowe
d
<main-gnuplottex-fig4-eps-converted-to.pdf, id=271, 250.9375pt x 286.06876pt>
File: main-gnuplottex-fig4-eps-converted-to.pdf Graphic file (type pdf)

<use main-gnuplottex-fig4-eps-converted-to.pdf>
Package pdftex.def Info: main-gnuplottex-fig4-eps-converted-to.pdf used on inpu
t line 154.
(pdftex.def)             Requested size: 250.93687pt x 286.06805pt.
)
<DataDump/Images/RDF_Peaks.png, id=272, 772.14789pt x 139.15819pt>
File: DataDump/Images/RDF_Peaks.png Graphic file (type png)

<use DataDump/Images/RDF_Peaks.png>
Package pdftex.def Info: DataDump/Images/RDF_Peaks.png used on input line 441.
(pdftex.def)             Requested size: 201.60077pt x 36.33315pt.
Missing character: There is no ; in font nullfont!
Missing character: There is no ; in font nullfont!
Missing character: There is no ; in font nullfont!
 [5 <./main-gnuplottex-fig2-eps-converted-to.pdf> <./main-gnuplottex-fig3-eps-c
onverted-to.pdf>]
Overfull \hbox (1.17542pt too wide) in paragraph at lines 472--477
\OT1/cmr/m/n/10 sure (Fig-ure []7[]a), the flow for $\OML/cmm/m/it/10 C[]$ \OT1
/cmr/m/n/10 (pur-ple) re-mains Couette-
 []

\openout4 = `main-gnuplottex-fig5.gnuplot'.

Opening gnuplot stream main-gnuplottex-fig5.gnuplot
runsystem(gnuplot main-gnuplottex-fig5.gnuplot 2>>main.gnuploterrors)...execute
d.

Package gnuplottex Info: main-gnuplottex-fig5.gnuplot converted on input line 5
16.
 (./main-gnuplottex-fig5.tex
Package epstopdf Info: Source file: <main-gnuplottex-fig5.eps>
(epstopdf)                    date: 2019-01-31 15:19:03
(epstopdf)                    size: 21961 bytes
(epstopdf)             Output file: <main-gnuplottex-fig5-eps-converted-to.pdf>

(epstopdf)                    date: 2019-01-31 15:00:50
(epstopdf)                    size: 4878 bytes
(epstopdf)             Command: <epstopdf --outfile=main-gnuplottex-fig5-eps-co
nverted-to.pdf main-gnuplottex-fig5.eps>
(epstopdf)             \includegraphics on input line 108.
runsystem(epstopdf --outfile=main-gnuplottex-fig5-eps-converted-to.pdf main-gnu
plottex-fig5.eps)...executed.

Package epstopdf Info: Result file: <main-gnuplottex-fig5-eps-converted-to.pdf>

(epstopdf)                    date: 2019-01-31 15:19:03
(epstopdf)                    size: 4878 bytes.


pdfTeX warning: /usr/bin/pdflatex (file ./main-gnuplottex-fig5-eps-converted-to
.pdf): PDF inclusion: found PDF version <1.7>, but at most version <1.5> allowe
d
<main-gnuplottex-fig5-eps-converted-to.pdf, id=317, 250.9375pt x 142.5325pt>
File: main-gnuplottex-fig5-eps-converted-to.pdf Graphic file (type pdf)

<use main-gnuplottex-fig5-eps-converted-to.pdf>
Package pdftex.def Info: main-gnuplottex-fig5-eps-converted-to.pdf used on inpu
t line 108.
(pdftex.def)             Requested size: 250.93687pt x 142.53214pt.
)
\openout4 = `main-gnuplottex-fig6.gnuplot'.


Opening gnuplot stream main-gnuplottex-fig6.gnuplot
runsystem(gnuplot main-gnuplottex-fig6.gnuplot 2>>main.gnuploterrors)...execute
d.

Package gnuplottex Info: main-gnuplottex-fig6.gnuplot converted on input line 5
35.
 (./main-gnuplottex-fig6.tex
Package epstopdf Info: Source file: <main-gnuplottex-fig6.eps>
(epstopdf)                    date: 2019-01-31 15:19:03
(epstopdf)                    size: 22002 bytes
(epstopdf)             Output file: <main-gnuplottex-fig6-eps-converted-to.pdf>

(epstopdf)                    date: 2019-01-31 15:00:51
(epstopdf)                    size: 4996 bytes
(epstopdf)             Command: <epstopdf --outfile=main-gnuplottex-fig6-eps-co
nverted-to.pdf main-gnuplottex-fig6.eps>
(epstopdf)             \includegraphics on input line 108.
runsystem(epstopdf --outfile=main-gnuplottex-fig6-eps-converted-to.pdf main-gnu
plottex-fig6.eps)...executed.

Package epstopdf Info: Result file: <main-gnuplottex-fig6-eps-converted-to.pdf>

(epstopdf)                    date: 2019-01-31 15:19:04
(epstopdf)                    size: 4996 bytes.


pdfTeX warning: /usr/bin/pdflatex (file ./main-gnuplottex-fig6-eps-converted-to
.pdf): PDF inclusion: found PDF version <1.7>, but at most version <1.5> allowe
d
<main-gnuplottex-fig6-eps-converted-to.pdf, id=318, 250.9375pt x 142.5325pt>
File: main-gnuplottex-fig6-eps-converted-to.pdf Graphic file (type pdf)

<use main-gnuplottex-fig6-eps-converted-to.pdf>
Package pdftex.def Info: main-gnuplottex-fig6-eps-converted-to.pdf used on inpu
t line 108.
(pdftex.def)             Requested size: 250.93687pt x 142.53214pt.
)
\openout4 = `main-gnuplottex-fig7.gnuplot'.


Opening gnuplot stream main-gnuplottex-fig7.gnuplot
runsystem(gnuplot main-gnuplottex-fig7.gnuplot 2>>main.gnuploterrors)...execute
d.

Package gnuplottex Info: main-gnuplottex-fig7.gnuplot converted on input line 5
55.
 (./main-gnuplottex-fig7.tex
Package epstopdf Info: Source file: <main-gnuplottex-fig7.eps>
(epstopdf)                    date: 2019-01-31 15:19:04
(epstopdf)                    size: 21735 bytes
(epstopdf)             Output file: <main-gnuplottex-fig7-eps-converted-to.pdf>

(epstopdf)                    date: 2019-01-31 15:00:51
(epstopdf)                    size: 4739 bytes
(epstopdf)             Command: <epstopdf --outfile=main-gnuplottex-fig7-eps-co
nverted-to.pdf main-gnuplottex-fig7.eps>
(epstopdf)             \includegraphics on input line 108.
runsystem(epstopdf --outfile=main-gnuplottex-fig7-eps-converted-to.pdf main-gnu
plottex-fig7.eps)...executed.

Package epstopdf Info: Result file: <main-gnuplottex-fig7-eps-converted-to.pdf>

(epstopdf)                    date: 2019-01-31 15:19:04
(epstopdf)                    size: 4739 bytes.


pdfTeX warning: /usr/bin/pdflatex (file ./main-gnuplottex-fig7-eps-converted-to
.pdf): PDF inclusion: found PDF version <1.7>, but at most version <1.5> allowe
d
<main-gnuplottex-fig7-eps-converted-to.pdf, id=319, 250.9375pt x 142.5325pt>
File: main-gnuplottex-fig7-eps-converted-to.pdf Graphic file (type pdf)

<use main-gnuplottex-fig7-eps-converted-to.pdf>
Package pdftex.def Info: main-gnuplottex-fig7-eps-converted-to.pdf used on inpu
t line 108.
(pdftex.def)             Requested size: 250.93687pt x 142.53214pt.
)
\openout4 = `main-gnuplottex-fig8.gnuplot'.


Opening gnuplot stream main-gnuplottex-fig8.gnuplot
runsystem(gnuplot main-gnuplottex-fig8.gnuplot 2>>main.gnuploterrors)...execute
d.

Package gnuplottex Info: main-gnuplottex-fig8.gnuplot converted on input line 5
75.
 (./main-gnuplottex-fig8.tex
Package epstopdf Info: Source file: <main-gnuplottex-fig8.eps>
(epstopdf)                    date: 2019-01-31 15:19:04
(epstopdf)                    size: 22125 bytes
(epstopdf)             Output file: <main-gnuplottex-fig8-eps-converted-to.pdf>

(epstopdf)                    date: 2019-01-31 15:00:52
(epstopdf)                    size: 4878 bytes
(epstopdf)             Command: <epstopdf --outfile=main-gnuplottex-fig8-eps-co
nverted-to.pdf main-gnuplottex-fig8.eps>
(epstopdf)             \includegraphics on input line 112.
runsystem(epstopdf --outfile=main-gnuplottex-fig8-eps-converted-to.pdf main-gnu
plottex-fig8.eps)...executed.

Package epstopdf Info: Result file: <main-gnuplottex-fig8-eps-converted-to.pdf>

(epstopdf)                    date: 2019-01-31 15:19:04
(epstopdf)                    size: 4878 bytes.


pdfTeX warning: /usr/bin/pdflatex (file ./main-gnuplottex-fig8-eps-converted-to
.pdf): PDF inclusion: found PDF version <1.7>, but at most version <1.5> allowe
d
<main-gnuplottex-fig8-eps-converted-to.pdf, id=320, 250.9375pt x 142.5325pt>
File: main-gnuplottex-fig8-eps-converted-to.pdf Graphic file (type pdf)

<use main-gnuplottex-fig8-eps-converted-to.pdf>
Package pdftex.def Info: main-gnuplottex-fig8-eps-converted-to.pdf used on inpu
t line 112.
(pdftex.def)             Requested size: 250.93687pt x 142.53214pt.
)
Missing character: There is no  in font cmr10!
Missing character: There is no  in font cmr10!
Missing character: There is no  in font cmr10!
\openout4 = `main-gnuplottex-fig9.gnuplot'.


Opening gnuplot stream main-gnuplottex-fig9.gnuplot
runsystem(gnuplot main-gnuplottex-fig9.gnuplot 2>>main.gnuploterrors)...execute
d.

Package gnuplottex Info: main-gnuplottex-fig9.gnuplot converted on input line 6
21.
 (./main-gnuplottex-fig9.tex
Package epstopdf Info: Source file: <main-gnuplottex-fig9.eps>
(epstopdf)                    date: 2019-01-31 15:19:05
(epstopdf)                    size: 20489 bytes
(epstopdf)             Output file: <main-gnuplottex-fig9-eps-converted-to.pdf>

(epstopdf)                    date: 2019-01-31 15:00:52
(epstopdf)                    size: 3952 bytes
(epstopdf)             Command: <epstopdf --outfile=main-gnuplottex-fig9-eps-co
nverted-to.pdf main-gnuplottex-fig9.eps>
(epstopdf)             \includegraphics on input line 120.
runsystem(epstopdf --outfile=main-gnuplottex-fig9-eps-converted-to.pdf main-gnu
plottex-fig9.eps)...executed.

Package epstopdf Info: Result file: <main-gnuplottex-fig9-eps-converted-to.pdf>

(epstopdf)                    date: 2019-01-31 15:19:05
(epstopdf)                    size: 3952 bytes.


pdfTeX warning: /usr/bin/pdflatex (file ./main-gnuplottex-fig9-eps-converted-to
.pdf): PDF inclusion: found PDF version <1.7>, but at most version <1.5> allowe
d
<main-gnuplottex-fig9-eps-converted-to.pdf, id=324, 250.9375pt x 185.69376pt>
File: main-gnuplottex-fig9-eps-converted-to.pdf Graphic file (type pdf)

<use main-gnuplottex-fig9-eps-converted-to.pdf>
Package pdftex.def Info: main-gnuplottex-fig9-eps-converted-to.pdf used on inpu
t line 120.
(pdftex.def)             Requested size: 250.93687pt x 185.6933pt.
)
\openout4 = `main-gnuplottex-fig10.gnuplot'.


Opening gnuplot stream main-gnuplottex-fig10.gnuplot
runsystem(gnuplot main-gnuplottex-fig10.gnuplot 2>>main.gnuploterrors)...execut
ed.

Package gnuplottex Info: main-gnuplottex-fig10.gnuplot converted on input line 
692.

(./main-gnuplottex-fig10.tex
Package epstopdf Info: Source file: <main-gnuplottex-fig10.eps>
(epstopdf)                    date: 2019-01-31 15:19:05
(epstopdf)                    size: 20216 bytes
(epstopdf)             Output file: <main-gnuplottex-fig10-eps-converted-to.pdf
>
(epstopdf)                    date: 2019-01-31 15:00:52
(epstopdf)                    size: 4077 bytes
(epstopdf)             Command: <epstopdf --outfile=main-gnuplottex-fig10-eps-c
onverted-to.pdf main-gnuplottex-fig10.eps>
(epstopdf)             \includegraphics on input line 114.
runsystem(epstopdf --outfile=main-gnuplottex-fig10-eps-converted-to.pdf main-gn
uplottex-fig10.eps)...executed.

Package epstopdf Info: Result file: <main-gnuplottex-fig10-eps-converted-to.pdf
>
(epstopdf)                    date: 2019-01-31 15:19:05
(epstopdf)                    size: 4085 bytes.


pdfTeX warning: /usr/bin/pdflatex (file ./main-gnuplottex-fig10-eps-converted-t
o.pdf): PDF inclusion: found PDF version <1.7>, but at most version <1.5> allow
ed

<main-gnuplottex-fig10-eps-converted-to.pdf, id=325, 250.9375pt x 185.69376pt>
File: main-gnuplottex-fig10-eps-converted-to.pdf Graphic file (type pdf)

<use main-gnuplottex-fig10-eps-converted-to.pdf>
Package pdftex.def Info: main-gnuplottex-fig10-eps-converted-to.pdf used on inp
ut line 114.
(pdftex.def)             Requested size: 250.93687pt x 185.6933pt.
)
\openout4 = `main-gnuplottex-fig11.gnuplot'.


Opening gnuplot stream main-gnuplottex-fig11.gnuplot
runsystem(gnuplot main-gnuplottex-fig11.gnuplot 2>>main.gnuploterrors)...execut
ed.

Package gnuplottex Info: main-gnuplottex-fig11.gnuplot converted on input line 
762.

(./main-gnuplottex-fig11.tex
Package epstopdf Info: Source file: <main-gnuplottex-fig11.eps>
(epstopdf)                    date: 2019-01-31 15:19:06
(epstopdf)                    size: 20301 bytes
(epstopdf)             Output file: <main-gnuplottex-fig11-eps-converted-to.pdf
>
(epstopdf)                    date: 2019-01-31 15:00:53
(epstopdf)                    size: 4108 bytes
(epstopdf)             Command: <epstopdf --outfile=main-gnuplottex-fig11-eps-c
onverted-to.pdf main-gnuplottex-fig11.eps>
(epstopdf)             \includegraphics on input line 116.
runsystem(epstopdf --outfile=main-gnuplottex-fig11-eps-converted-to.pdf main-gn
uplottex-fig11.eps)...executed.

Package epstopdf Info: Result file: <main-gnuplottex-fig11-eps-converted-to.pdf
>
(epstopdf)                    date: 2019-01-31 15:19:06
(epstopdf)                    size: 4108 bytes.


pdfTeX warning: /usr/bin/pdflatex (file ./main-gnuplottex-fig11-eps-converted-t
o.pdf): PDF inclusion: found PDF version <1.7>, but at most version <1.5> allow
ed

<main-gnuplottex-fig11-eps-converted-to.pdf, id=326, 250.9375pt x 185.69376pt>
File: main-gnuplottex-fig11-eps-converted-to.pdf Graphic file (type pdf)

<use main-gnuplottex-fig11-eps-converted-to.pdf>
Package pdftex.def Info: main-gnuplottex-fig11-eps-converted-to.pdf used on inp
ut line 116.
(pdftex.def)             Requested size: 250.93687pt x 185.6933pt.
) [6 <./main-gnuplottex-fig4-eps-converted-to.pdf> <./DataDump/Images/RDF_Peaks
.png>] [7 <./main-gnuplottex-fig5-eps-converted-to.pdf> <./main-gnuplottex-fig6
-eps-converted-to.pdf> <./main-gnuplottex-fig7-eps-converted-to.pdf> <./main-gn
uplottex-fig8-eps-converted-to.pdf> <./main-gnuplottex-fig9-eps-converted-to.pd
f> <./main-gnuplottex-fig10-eps-converted-to.pdf>]
\openout4 = `main-gnuplottex-fig12.gnuplot'.

 Opening gnuplot stream main-gnuplottex-fig12.gnuplot
runsystem(gnuplot main-gnuplottex-fig12.gnuplot 2>>main.gnuploterrors)...execut
ed.

Package gnuplottex Info: main-gnuplottex-fig12.gnuplot converted on input line 
840.

(./main-gnuplottex-fig12.tex
Package epstopdf Info: Source file: <main-gnuplottex-fig12.eps>
(epstopdf)                    date: 2019-01-31 15:19:06
(epstopdf)                    size: 22468 bytes
(epstopdf)             Output file: <main-gnuplottex-fig12-eps-converted-to.pdf
>
(epstopdf)                    date: 2019-01-31 15:00:53
(epstopdf)                    size: 5070 bytes
(epstopdf)             Command: <epstopdf --outfile=main-gnuplottex-fig12-eps-c
onverted-to.pdf main-gnuplottex-fig12.eps>
(epstopdf)             \includegraphics on input line 125.
runsystem(epstopdf --outfile=main-gnuplottex-fig12-eps-converted-to.pdf main-gn
uplottex-fig12.eps)...executed.

Package epstopdf Info: Result file: <main-gnuplottex-fig12-eps-converted-to.pdf
>
(epstopdf)                    date: 2019-01-31 15:19:06
(epstopdf)                    size: 5070 bytes.


pdfTeX warning: /usr/bin/pdflatex (file ./main-gnuplottex-fig12-eps-converted-t
o.pdf): PDF inclusion: found PDF version <1.7>, but at most version <1.5> allow
ed
<main-gnuplottex-fig12-eps-converted-to.pdf, id=393, 250.9375pt x 214.8025pt>
File: main-gnuplottex-fig12-eps-converted-to.pdf Graphic file (type pdf)

<use main-gnuplottex-fig12-eps-converted-to.pdf>
Package pdftex.def Info: main-gnuplottex-fig12-eps-converted-to.pdf used on inp
ut line 125.
(pdftex.def)             Requested size: 250.93687pt x 214.80197pt.
) [8 <./main-gnuplottex-fig11-eps-converted-to.pdf>]
Overfull \hbox (0.25043pt too wide) in paragraph at lines 867--868
[]\OT1/cmr/m/n/10 S.E.R. ac-knowl-edges the sup-port of the Eu-ro-pean Com-
 []


Overfull \hbox (14.57208pt too wide) in paragraph at lines 867--868
\OT1/cmtt/m/n/10 / / cordis . europa . eu / project / rcn / 109976 _ en . html$
[]\OT1/cmr/m/n/10 . J.P.E
 []

(./main.bbl
Missing character: There is no  in font cmr8!
Missing character: There is no  in font cmr8!
Missing character: There is no  in font cmr8!
 [9 <./main-gnuplottex-fig12-eps-converted-to.pdf>]
Missing character: There is no  in font cmr8!
Missing character: There is no  in font cmr8!
Missing character: There is no  in font cmr8!
Missing character: There is no  in font cmr8!
Missing character: There is no  in font cmr8!
Missing character: There is no  in font cmr8!
Missing character: There is no  in font cmr8!
Missing character: There is no  in font cmr8!
Missing character: There is no  in font cmr8!
Missing character: There is no  in font cmr8!
Missing character: There is no  in font cmr8!
Missing character: There is no  in font cmr8!
Missing character: There is no  in font cmr8!
Missing character: There is no  in font cmr8!
Missing character: There is no  in font cmr8!
Missing character: There is no  in font cmr8!
Missing character: There is no  in font cmr8!
 [10]
Missing character: There is no  in font cmr8!
Missing character: There is no  in font cmr8!
Missing character: There is no  in font cmr8!
)
Overfull \hbox (4.49936pt too wide) in paragraph at lines 934--935
[]\OT1/cmr/m/n/10 In MD sim-u-la-tions us-ing atomically-detailed force-fields,

 []


Overfull \hbox (16.83382pt too wide) in paragraph at lines 967--968
\OT1/cmr/m/n/10 from its cen-tre of mass, as de-fined in the fol-low-ing equati
on[[]]: 
 []

[11] <DataDump/Images/Axes.png, id=450, 134.5025pt x 159.59625pt>
File: DataDump/Images/Axes.png Graphic file (type png)

<use DataDump/Images/Axes.png>
Package pdftex.def Info: DataDump/Images/Axes.png used on input line 1003.
(pdftex.def)             Requested size: 20.8765pt x 24.77124pt.

<DataDump/Images/1_initial.png, id=451, 541.02126pt x 1095.09125pt>
File: DataDump/Images/1_initial.png Graphic file (type png)

<use DataDump/Images/1_initial.png>
Package pdftex.def Info: DataDump/Images/1_initial.png used on input line 1005.

(pdftex.def)             Requested size: 78.29681pt x 158.47504pt.
Missing character: There is no ; in font nullfont!
Missing character: There is no ; in font nullfont!
Missing character: There is no ; in font nullfont!
Missing character: There is no ; in font nullfont!

<DataDump/Images/2_equilibration.png, id=452, 541.02126pt x 1095.09125pt>
File: DataDump/Images/2_equilibration.png Graphic file (type png)

<use DataDump/Images/2_equilibration.png>
Package pdftex.def Info: DataDump/Images/2_equilibration.png used on input line
 1011.
(pdftex.def)             Requested size: 78.29681pt x 158.47504pt.
Missing character: There is no ; in font nullfont!
Missing character: There is no ; in font nullfont!
Missing character: There is no ; in font nullfont!
Missing character: There is no ; in font nullfont!

<DataDump/Images/3_Compression.png, id=453, 542.025pt x 1096.095pt>
File: DataDump/Images/3_Compression.png Graphic file (type png)

<use DataDump/Images/3_Compression.png>
Package pdftex.def Info: DataDump/Images/3_Compression.png used on input line 1
017.
(pdftex.def)             Requested size: 78.29681pt x 158.31924pt.
Missing character: There is no ; in font nullfont!
Missing character: There is no ; in font nullfont!
Missing character: There is no ; in font nullfont!
Missing character: There is no ; in font nullfont!

<DataDump/Images/4_shear.png, id=454, 534.99875pt x 1096.095pt>
File: DataDump/Images/4_shear.png Graphic file (type png)

<use DataDump/Images/4_shear.png>
Package pdftex.def Info: DataDump/Images/4_shear.png used on input line 1026.
(pdftex.def)             Requested size: 77.25339pt x 158.26906pt.
Missing character: There is no ; in font nullfont!
Missing character: There is no ; in font nullfont!
Missing character: There is no ; in font nullfont!
Missing character: There is no ; in font nullfont!
\openout4 = `main-gnuplottex-fig13.gnuplot'.


Opening gnuplot stream main-gnuplottex-fig13.gnuplot
runsystem(gnuplot main-gnuplottex-fig13.gnuplot 2>>main.gnuploterrors)...execut
ed.

Package gnuplottex Info: main-gnuplottex-fig13.gnuplot converted on input line 
1094.

(./main-gnuplottex-fig13.tex
Package epstopdf Info: Source file: <main-gnuplottex-fig13.eps>
(epstopdf)                    date: 2019-01-31 15:19:07
(epstopdf)                    size: 107094 bytes
(epstopdf)             Output file: <main-gnuplottex-fig13-eps-converted-to.pdf
>
(epstopdf)                    date: 2019-01-31 15:00:55
(epstopdf)                    size: 113999 bytes
(epstopdf)             Command: <epstopdf --outfile=main-gnuplottex-fig13-eps-c
onverted-to.pdf main-gnuplottex-fig13.eps>
(epstopdf)             \includegraphics on input line 118.
runsystem(epstopdf --outfile=main-gnuplottex-fig13-eps-converted-to.pdf main-gn
uplottex-fig13.eps)...executed.

Package epstopdf Info: Result file: <main-gnuplottex-fig13-eps-converted-to.pdf
>
(epstopdf)                    date: 2019-01-31 15:19:08
(epstopdf)                    size: 113999 bytes.


pdfTeX warning: /usr/bin/pdflatex (file ./main-gnuplottex-fig13-eps-converted-t
o.pdf): PDF inclusion: found PDF version <1.7>, but at most version <1.5> allow
ed

<main-gnuplottex-fig13-eps-converted-to.pdf, id=455, 250.9375pt x 185.69376pt>
File: main-gnuplottex-fig13-eps-converted-to.pdf Graphic file (type pdf)

<use main-gnuplottex-fig13-eps-converted-to.pdf>
Package pdftex.def Info: main-gnuplottex-fig13-eps-converted-to.pdf used on inp
ut line 118.
(pdftex.def)             Requested size: 250.93687pt x 185.6933pt.
)
\openout4 = `main-gnuplottex-fig14.gnuplot'.


Opening gnuplot stream main-gnuplottex-fig14.gnuplot
runsystem(gnuplot main-gnuplottex-fig14.gnuplot 2>>main.gnuploterrors)...execut
ed.

Package gnuplottex Info: main-gnuplottex-fig14.gnuplot converted on input line 
1128.

(./main-gnuplottex-fig14.tex
Package epstopdf Info: Source file: <main-gnuplottex-fig14.eps>
(epstopdf)                    date: 2019-01-31 15:19:08
(epstopdf)                    size: 105780 bytes
(epstopdf)             Output file: <main-gnuplottex-fig14-eps-converted-to.pdf
>
(epstopdf)                    date: 2019-01-31 15:00:56
(epstopdf)                    size: 109181 bytes
(epstopdf)             Command: <epstopdf --outfile=main-gnuplottex-fig14-eps-c
onverted-to.pdf main-gnuplottex-fig14.eps>
(epstopdf)             \includegraphics on input line 117.
runsystem(epstopdf --outfile=main-gnuplottex-fig14-eps-converted-to.pdf main-gn
uplottex-fig14.eps)...executed.

Package epstopdf Info: Result file: <main-gnuplottex-fig14-eps-converted-to.pdf
>
(epstopdf)                    date: 2019-01-31 15:19:09
(epstopdf)                    size: 109181 bytes.


pdfTeX warning: /usr/bin/pdflatex (file ./main-gnuplottex-fig14-eps-converted-t
o.pdf): PDF inclusion: found PDF version <1.7>, but at most version <1.5> allow
ed

<main-gnuplottex-fig14-eps-converted-to.pdf, id=456, 250.9375pt x 185.69376pt>
File: main-gnuplottex-fig14-eps-converted-to.pdf Graphic file (type pdf)

<use main-gnuplottex-fig14-eps-converted-to.pdf>
Package pdftex.def Info: main-gnuplottex-fig14-eps-converted-to.pdf used on inp
ut line 117.
(pdftex.def)             Requested size: 250.93687pt x 185.6933pt.
)
Overfull \hbox (27.77728pt too wide) in paragraph at lines 1134--1135
\OT1/cmr/m/n/10 squared dis-place-ment (MSD) for the in-di-vid-ual atoms $[]$
 []

\openout4 = `main-gnuplottex-fig15.gnuplot'.

Opening gnuplot stream main-gnuplottex-fig15.gnuplot
runsystem(gnuplot main-gnuplottex-fig15.gnuplot 2>>main.gnuploterrors)...execut
ed.

Package gnuplottex Info: main-gnuplottex-fig15.gnuplot converted on input line 
1179.

(./main-gnuplottex-fig15.tex
Package epstopdf Info: Source file: <main-gnuplottex-fig15.eps>
(epstopdf)                    date: 2019-01-31 15:19:09
(epstopdf)                    size: 121187 bytes
(epstopdf)             Output file: <main-gnuplottex-fig15-eps-converted-to.pdf
>
(epstopdf)                    date: 2019-01-31 15:00:57
(epstopdf)                    size: 213755 bytes
(epstopdf)             Command: <epstopdf --outfile=main-gnuplottex-fig15-eps-c
onverted-to.pdf main-gnuplottex-fig15.eps>
(epstopdf)             \includegraphics on input line 138.
runsystem(epstopdf --outfile=main-gnuplottex-fig15-eps-converted-to.pdf main-gn
uplottex-fig15.eps)...executed.

Package epstopdf Info: Result file: <main-gnuplottex-fig15-eps-converted-to.pdf
>
(epstopdf)                    date: 2019-01-31 15:19:10
(epstopdf)                    size: 213755 bytes.


pdfTeX warning: /usr/bin/pdflatex (file ./main-gnuplottex-fig15-eps-converted-t
o.pdf): PDF inclusion: found PDF version <1.7>, but at most version <1.5> allow
ed

<main-gnuplottex-fig15-eps-converted-to.pdf, id=460, 250.9375pt x 185.69376pt>
File: main-gnuplottex-fig15-eps-converted-to.pdf Graphic file (type pdf)

<use main-gnuplottex-fig15-eps-converted-to.pdf>
Package pdftex.def Info: main-gnuplottex-fig15-eps-converted-to.pdf used on inp
ut line 138.
(pdftex.def)             Requested size: 250.93687pt x 185.6933pt.
)
\openout4 = `main-gnuplottex-fig16.gnuplot'.


Opening gnuplot stream main-gnuplottex-fig16.gnuplot
runsystem(gnuplot main-gnuplottex-fig16.gnuplot 2>>main.gnuploterrors)...execut
ed.

Package gnuplottex Info: main-gnuplottex-fig16.gnuplot converted on input line 
1205.

(./main-gnuplottex-fig16.tex
Package epstopdf Info: Source file: <main-gnuplottex-fig16.eps>
(epstopdf)                    date: 2019-01-31 15:19:10
(epstopdf)                    size: 22963 bytes
(epstopdf)             Output file: <main-gnuplottex-fig16-eps-converted-to.pdf
>
(epstopdf)                    date: 2019-01-31 15:00:57
(epstopdf)                    size: 5430 bytes
(epstopdf)             Command: <epstopdf --outfile=main-gnuplottex-fig16-eps-c
onverted-to.pdf main-gnuplottex-fig16.eps>
(epstopdf)             \includegraphics on input line 106.
runsystem(epstopdf --outfile=main-gnuplottex-fig16-eps-converted-to.pdf main-gn
uplottex-fig16.eps)...executed.

Package epstopdf Info: Result file: <main-gnuplottex-fig16-eps-converted-to.pdf
>
(epstopdf)                    date: 2019-01-31 15:19:10
(epstopdf)                    size: 5430 bytes.


pdfTeX warning: /usr/bin/pdflatex (file ./main-gnuplottex-fig16-eps-converted-t
o.pdf): PDF inclusion: found PDF version <1.7>, but at most version <1.5> allow
ed

<main-gnuplottex-fig16-eps-converted-to.pdf, id=463, 250.9375pt x 185.69376pt>
File: main-gnuplottex-fig16-eps-converted-to.pdf Graphic file (type pdf)

<use main-gnuplottex-fig16-eps-converted-to.pdf>
Package pdftex.def Info: main-gnuplottex-fig16-eps-converted-to.pdf used on inp
ut line 106.
(pdftex.def)             Requested size: 250.93687pt x 185.6933pt.
) (./main.gnuploterrors)
Package atveryend Info: Empty hook `BeforeClearDocument' on input line 1211.

[12

] [13 <./DataDump/Images/Axes.png> <./DataDump/Images/1_initial.png> <./DataDum
p/Images/2_equilibration.png> <./DataDump/Images/3_Compression.png> <./DataDump
/Images/4_shear.png> <./main-gnuplottex-fig13-eps-converted-to.pdf> <./main-gnu
plottex-fig14-eps-converted-to.pdf>] [14

 <./main-gnuplottex-fig15-eps-converted-to.pdf> <./main-gnuplottex-fig16-eps-co
nverted-to.pdf>]
Package atveryend Info: Empty hook `AfterLastShipout' on input line 1211.
 (./main.aux)
Package atveryend Info: Executing hook `AtVeryEndDocument' on input line 1211.
Package atveryend Info: Executing hook `AtEndAfterFileList' on input line 1211.

Package rerunfilecheck Info: File `main.out' has not changed.
(rerunfilecheck)             Checksum: BDE73D8A9E4E4C341F23359D67BBF32D;1093.
Package atveryend Info: Empty hook `AtVeryVeryEnd' on input line 1211.
 ) 
Here is how much of TeX's memory you used:
 40754 strings out of 494041
 949568 string characters out of 6158495
 1155725 words of memory out of 5000000
 43293 multiletter control sequences out of 15000+600000
 15353 words of font info for 55 fonts, out of 8000000 for 9000
 475 hyphenation exceptions out of 8191
 61i,23n,79p,10385b,1180s stack positions out of 5000i,500n,10000p,200000b,80000s
</usr/share/texmf/fonts/type1/public/amsfonts/cm/cmbx10.pfb></usr/share/texmf
/fonts/type1/public/amsfonts/cm/cmex10.pfb></usr/share/texmf/fonts/type1/public
/amsfonts/cmextra/cmex8.pfb></usr/share/texmf/fonts/type1/public/amsfonts/cm/cm
mi10.pfb></usr/share/texmf/fonts/type1/public/amsfonts/cm/cmmi6.pfb></usr/share
/texmf/fonts/type1/public/amsfonts/cm/cmmi7.pfb></usr/share/texmf/fonts/type1/p
ublic/amsfonts/cm/cmmi8.pfb></usr/share/texmf/fonts/type1/public/amsfonts/cm/cm
r10.pfb></usr/share/texmf/fonts/type1/public/amsfonts/cm/cmr12.pfb></usr/share/
texmf/fonts/type1/public/amsfonts/cm/cmr5.pfb></usr/share/texmf/fonts/type1/pub
lic/amsfonts/cm/cmr6.pfb></usr/share/texmf/fonts/type1/public/amsfonts/cm/cmr7.
pfb></usr/share/texmf/fonts/type1/public/amsfonts/cm/cmr8.pfb></usr/share/texmf
/fonts/type1/public/amsfonts/cm/cmsy10.pfb></usr/share/texmf/fonts/type1/public
/amsfonts/cm/cmsy6.pfb></usr/share/texmf/fonts/type1/public/amsfonts/cm/cmsy7.p
fb></usr/share/texmf/fonts/type1/public/amsfonts/cm/cmsy8.pfb></usr/share/texmf
/fonts/type1/public/amsfonts/cm/cmti10.pfb></usr/share/texmf/fonts/type1/public
/amsfonts/cm/cmti7.pfb></usr/share/texmf/fonts/type1/public/amsfonts/cm/cmti8.p
fb></usr/share/texmf/fonts/type1/public/amsfonts/cm/cmtt10.pfb></usr/share/texm
f/fonts/type1/public/amsfonts/cm/cmtt8.pfb>
Output written on main.pdf (14 pages, 3629279 bytes).
PDF statistics:
 591 PDF objects out of 1000 (max. 8388607)
 516 compressed objects within 6 object streams
 116 named destinations out of 1000 (max. 500000)
 272 words of extra memory for PDF output out of 10000 (max. 10000000)

